2025-07-08 07:12:01,646 [trainer.py] => config: exps\50,5_cifar100.json
2025-07-08 07:12:01,647 [trainer.py] => dataset: cifar100
2025-07-08 07:12:01,647 [trainer.py] => shuffle: True
2025-07-08 07:12:01,648 [trainer.py] => init_cls: 50
2025-07-08 07:12:01,648 [trainer.py] => increment: 5
2025-07-08 07:12:01,648 [trainer.py] => device: [device(type='cuda', index=4)]
2025-07-08 07:12:01,648 [trainer.py] => sim: 1
2025-07-08 07:12:01,648 [trainer.py] => epochs: 31
2025-07-08 07:12:01,649 [trainer.py] => lr: 0.01
2025-07-08 07:12:01,649 [trainer.py] => FB_epoch: 8
2025-07-08 07:12:01,649 [trainer.py] => FB_epoch_inc: 2
2025-07-08 07:12:01,649 [trainer.py] => FB_lr_init: 0.001
2025-07-08 07:12:01,649 [trainer.py] => FB_lr_inc: 0.001
2025-07-08 07:12:01,650 [trainer.py] => pool: 10
2025-07-08 07:12:01,650 [trainer.py] => sg_num: 1
2025-07-08 07:12:01,650 [trainer.py] => milestones: [30, 40, 50]
2025-07-08 07:12:01,650 [trainer.py] => prefix: continual-CLIP
2025-07-08 07:12:01,650 [trainer.py] => model_name: playground
2025-07-08 07:12:01,650 [trainer.py] => model_size: ViT-B/16
2025-07-08 07:12:01,651 [trainer.py] => convnet_type: none
2025-07-08 07:12:01,651 [trainer.py] => seed: 1993
2025-07-08 07:12:01,651 [trainer.py] => batch_size: 64
2025-07-08 07:12:01,651 [trainer.py] => num_workers: 8
2025-07-08 07:12:01,651 [trainer.py] => model_type: clip
2025-07-08 07:12:01,651 [trainer.py] => division_power: 5
2025-07-08 07:12:01,651 [trainer.py] => linear_model: ['linear', 'bn', 'linear']
2025-07-08 07:12:01,651 [trainer.py] => score_model: ['bn', 'linear']
2025-07-08 07:12:01,651 [trainer.py] => regularizer: mahalanobis
2025-07-08 07:12:01,651 [trainer.py] => print_freq: 10
2025-07-08 07:12:01,651 [trainer.py] => memory_size: 0
2025-07-08 07:12:01,652 [trainer.py] => repeat: False
