2025-08-14 12:46:06,008 [trainer.py] => config: /kaggle/MyCBM/exps/10,10_tiny.json
2025-08-14 12:46:06,008 [trainer.py] => dataset: tinyimagenet
2025-08-14 12:46:06,008 [trainer.py] => shuffle: True
2025-08-14 12:46:06,009 [trainer.py] => init_cls: 10
2025-08-14 12:46:06,009 [trainer.py] => increment: 10
2025-08-14 12:46:06,009 [trainer.py] => device: [device(type='cuda', index=0), device(type='cuda', index=1)]
2025-08-14 12:46:06,009 [trainer.py] => sim: 1
2025-08-14 12:46:06,009 [trainer.py] => epochs: 31
2025-08-14 12:46:06,009 [trainer.py] => lr: 0.01
2025-08-14 12:46:06,009 [trainer.py] => FB_epoch: 60
2025-08-14 12:46:06,009 [trainer.py] => FB_epoch_inc: 60
2025-08-14 12:46:06,009 [trainer.py] => FB_lr_init: 0.001
2025-08-14 12:46:06,009 [trainer.py] => FB_lr_inc: 0.001
2025-08-14 12:46:06,009 [trainer.py] => pool: 10
2025-08-14 12:46:06,009 [trainer.py] => sg_num: 1
2025-08-14 12:46:06,009 [trainer.py] => milestones: [30, 40, 50]
2025-08-14 12:46:06,009 [trainer.py] => prefix: continual-CLIP
2025-08-14 12:46:06,009 [trainer.py] => model_name: playground
2025-08-14 12:46:06,009 [trainer.py] => model_size: ViT-B/16
2025-08-14 12:46:06,010 [trainer.py] => convnet_type: none
2025-08-14 12:46:06,010 [trainer.py] => seed: 1993
2025-08-14 12:46:06,010 [trainer.py] => batch_size: 64
2025-08-14 12:46:06,010 [trainer.py] => num_workers: 4
2025-08-14 12:46:06,010 [trainer.py] => model_type: clip
2025-08-14 12:46:06,010 [trainer.py] => division_power: 5
2025-08-14 12:46:06,010 [trainer.py] => linear_model: ['linear', 'bn', 'linear']
2025-08-14 12:46:06,010 [trainer.py] => score_model: ['bn', 'linear']
2025-08-14 12:46:06,010 [trainer.py] => regularizer: mahalanobis
2025-08-14 12:46:06,010 [trainer.py] => print_freq: 10
2025-08-14 12:46:06,010 [trainer.py] => memory_size: 0
2025-08-14 12:46:06,010 [trainer.py] => repeat: False
2025-08-14 12:46:37,446 [data_manager.py] => [168, 136, 51, 9, 183, 101, 171, 99, 42, 159, 191, 70, 16, 188, 27, 10, 175, 26, 68, 187, 98, 6, 85, 35, 112, 43, 100, 0, 103, 181, 88, 59, 4, 2, 116, 174, 94, 80, 106, 1, 147, 17, 141, 131, 72, 23, 173, 54, 197, 118, 87, 32, 79, 104, 91, 19, 135, 107, 178, 36, 11, 199, 142, 8, 122, 3, 28, 57, 153, 172, 190, 56, 49, 44, 97, 62, 151, 169, 194, 55, 192, 12, 189, 78, 66, 180, 15, 137, 109, 134, 92, 119, 126, 52, 170, 40, 148, 65, 144, 64, 138, 45, 77, 89, 154, 90, 71, 193, 74, 30, 113, 143, 96, 84, 67, 50, 186, 156, 69, 21, 18, 111, 108, 58, 125, 157, 150, 110, 182, 129, 166, 83, 81, 60, 13, 165, 14, 176, 63, 117, 5, 22, 145, 121, 38, 41, 82, 127, 114, 20, 31, 53, 37, 163, 196, 130, 152, 162, 86, 76, 24, 34, 184, 149, 33, 128, 198, 155, 146, 167, 139, 120, 140, 102, 47, 25, 158, 123, 46, 164, 61, 7, 115, 75, 133, 160, 105, 132, 179, 124, 48, 73, 93, 39, 95, 195, 29, 177, 185, 161]
2025-08-14 12:46:37,922 [clgcbm.py] => Learning on 0-10
2025-08-14 12:46:56,075 [clgcbm.py] => task: 0, epoch:0, train loss:0.317843,train accuracy: 89.78000,test_accuracy:92.60001
2025-08-14 12:47:03,162 [clgcbm.py] => task: 0, epoch:10, train loss:0.075853,train accuracy: 97.62000,test_accuracy:90.00000
2025-08-14 12:47:41,976 [clgcbm.py] => task: 0, epoch:0, train loss:1.447950,train accuracy: 21.26000,test_accuracy:29.00000
2025-08-14 12:47:53,540 [clgcbm.py] => task: 0, epoch:10, train loss:-0.519699,train accuracy: 93.50000,test_accuracy:91.80000
2025-08-14 12:48:03,892 [clgcbm.py] => task: 0, epoch:20, train loss:-0.636632,train accuracy: 95.38000,test_accuracy:93.60001
2025-08-14 12:48:14,076 [clgcbm.py] => task: 0, epoch:30, train loss:-0.687953,train accuracy: 96.39999,test_accuracy:93.40000
2025-08-14 12:48:25,200 [clgcbm.py] => task: 0, epoch:40, train loss:-0.695087,train accuracy: 96.62000,test_accuracy:93.20000
2025-08-14 12:48:35,454 [clgcbm.py] => task: 0, epoch:50, train loss:-0.695630,train accuracy: 96.64000,test_accuracy:93.20000
2025-08-14 12:48:44,827 [clgcbm.py] => task: 0, epoch:59, train loss:-0.694485,train accuracy: 96.62000,test_accuracy:93.20000
2025-08-14 12:48:47,016 [trainer.py] => No NME accuracy.
2025-08-14 12:48:47,017 [trainer.py] => CNN: {'total': 93.6, '00-09': 93.6, 'old': 0, 'new': 93.6}
2025-08-14 12:48:47,017 [trainer.py] => CNN top1 curve: [93.6]
2025-08-14 12:48:47,017 [trainer.py] => CNN top5 curve: [100.0]

2025-08-14 12:48:47,017 [trainer.py] => Average Accuracy (CNN): 93.6
2025-08-14 12:48:47,017 [clgcbm.py] => Learning on 10-20
2025-08-14 12:49:05,541 [clgcbm.py] => task: 1, epoch:0, train loss:0.347124,train accuracy: 87.32000,test_accuracy:89.20000
2025-08-14 12:49:12,705 [clgcbm.py] => task: 1, epoch:10, train loss:0.102858,train accuracy: 95.86000,test_accuracy:89.20000
2025-08-14 12:49:57,083 [clgcbm.py] => task: 1, epoch:0, train loss:0.609708,train accuracy: 64.84390,test_accuracy:56.00000
2025-08-14 12:50:18,010 [clgcbm.py] => task: 1, epoch:10, train loss:-0.464036,train accuracy: 92.24355,test_accuracy:85.60001
2025-08-14 12:50:38,919 [clgcbm.py] => task: 1, epoch:20, train loss:-0.563161,train accuracy: 93.89179,test_accuracy:88.00001
2025-08-14 12:50:59,694 [clgcbm.py] => task: 1, epoch:30, train loss:-0.625684,train accuracy: 95.39461,test_accuracy:88.80001
2025-08-14 12:51:20,247 [clgcbm.py] => task: 1, epoch:40, train loss:-0.631580,train accuracy: 95.35583,test_accuracy:88.80001
2025-08-14 12:51:41,097 [clgcbm.py] => task: 1, epoch:50, train loss:-0.632903,train accuracy: 95.47217,test_accuracy:88.80001
2025-08-14 12:51:59,992 [clgcbm.py] => task: 1, epoch:59, train loss:-0.631322,train accuracy: 95.42369,test_accuracy:88.80001
2025-08-14 12:52:03,840 [trainer.py] => No NME accuracy.
2025-08-14 12:52:03,840 [trainer.py] => CNN: {'total': 88.8, '00-09': 88.8, '10-19': 88.8, 'old': 88.8, 'new': 88.8}
2025-08-14 12:52:03,840 [trainer.py] => CNN top1 curve: [93.6, 88.8]
2025-08-14 12:52:03,840 [trainer.py] => CNN top5 curve: [100.0, 98.6]

2025-08-14 12:52:03,840 [trainer.py] => Average Accuracy (CNN): 91.19999999999999
2025-08-14 12:52:03,841 [clgcbm.py] => Learning on 20-30
2025-08-14 12:52:23,587 [clgcbm.py] => task: 2, epoch:0, train loss:0.176941,train accuracy: 94.86000,test_accuracy:96.00000
2025-08-14 12:52:30,997 [clgcbm.py] => task: 2, epoch:10, train loss:0.009597,train accuracy: 99.72000,test_accuracy:97.40000
2025-08-14 12:52:38,264 [clgcbm.py] => task: 2, epoch:20, train loss:0.000353,train accuracy: 100.00000,test_accuracy:97.20000
2025-08-14 12:53:27,414 [clgcbm.py] => task: 2, epoch:0, train loss:0.329443,train accuracy: 72.99290,test_accuracy:68.80000
2025-08-14 12:53:59,034 [clgcbm.py] => task: 2, epoch:10, train loss:-0.533814,train accuracy: 94.69296,test_accuracy:93.40000
2025-08-14 12:54:30,551 [clgcbm.py] => task: 2, epoch:20, train loss:-0.607758,train accuracy: 95.96639,test_accuracy:93.40000
2025-08-14 12:55:02,107 [clgcbm.py] => task: 2, epoch:30, train loss:-0.667283,train accuracy: 97.29800,test_accuracy:93.20000
2025-08-14 12:55:33,848 [clgcbm.py] => task: 2, epoch:40, train loss:-0.672528,train accuracy: 97.43375,test_accuracy:93.60001
2025-08-14 12:56:05,436 [clgcbm.py] => task: 2, epoch:50, train loss:-0.676357,train accuracy: 97.48546,test_accuracy:93.60001
2025-08-14 12:56:34,354 [clgcbm.py] => task: 2, epoch:59, train loss:-0.676824,train accuracy: 97.48546,test_accuracy:93.60001
2025-08-14 12:56:40,231 [trainer.py] => No NME accuracy.
2025-08-14 12:56:40,232 [trainer.py] => CNN: {'total': 88.6, '00-09': 86.4, '10-19': 85.8, '20-29': 93.6, 'old': 86.1, 'new': 93.6}
2025-08-14 12:56:40,232 [trainer.py] => CNN top1 curve: [93.6, 88.8, 88.6]
2025-08-14 12:56:40,232 [trainer.py] => CNN top5 curve: [100.0, 98.6, 98.2]

2025-08-14 12:56:40,232 [trainer.py] => Average Accuracy (CNN): 90.33333333333333
2025-08-14 12:56:40,232 [clgcbm.py] => Learning on 30-40
2025-08-14 12:57:01,860 [clgcbm.py] => task: 3, epoch:0, train loss:6.018544,train accuracy: 85.80000,test_accuracy:91.40000
2025-08-14 12:57:09,119 [clgcbm.py] => task: 3, epoch:10, train loss:1.916928,train accuracy: 95.82000,test_accuracy:86.20000
2025-08-14 12:57:59,443 [clgcbm.py] => task: 3, epoch:0, train loss:0.194538,train accuracy: 75.08485,test_accuracy:59.20000
2025-08-14 12:58:42,988 [clgcbm.py] => task: 3, epoch:10, train loss:-0.449926,train accuracy: 92.17008,test_accuracy:81.80000
2025-08-14 12:59:26,608 [clgcbm.py] => task: 3, epoch:20, train loss:-0.521903,train accuracy: 93.59061,test_accuracy:85.60001
2025-08-14 13:00:10,419 [clgcbm.py] => task: 3, epoch:30, train loss:-0.591146,train accuracy: 95.37962,test_accuracy:87.00001
2025-08-14 13:00:54,526 [clgcbm.py] => task: 3, epoch:40, train loss:-0.600520,train accuracy: 95.60749,test_accuracy:87.00001
2025-08-14 13:01:38,440 [clgcbm.py] => task: 3, epoch:50, train loss:-0.602680,train accuracy: 95.60749,test_accuracy:86.80000
2025-08-14 13:02:17,962 [clgcbm.py] => task: 3, epoch:59, train loss:-0.602912,train accuracy: 95.62203,test_accuracy:87.00001
2025-08-14 13:02:25,802 [trainer.py] => No NME accuracy.
2025-08-14 13:02:25,802 [trainer.py] => CNN: {'total': 86.6, '00-09': 85.6, '10-19': 83.4, '20-29': 90.4, '30-39': 87.0, 'old': 86.47, 'new': 87.0}
2025-08-14 13:02:25,803 [trainer.py] => CNN top1 curve: [93.6, 88.8, 88.6, 86.6]
2025-08-14 13:02:25,803 [trainer.py] => CNN top5 curve: [100.0, 98.6, 98.2, 97.55]

2025-08-14 13:02:25,803 [trainer.py] => Average Accuracy (CNN): 89.4
2025-08-14 13:02:25,803 [clgcbm.py] => Learning on 40-50
2025-08-14 13:02:47,437 [clgcbm.py] => task: 4, epoch:0, train loss:0.251197,train accuracy: 91.93999,test_accuracy:95.80000
2025-08-14 13:02:54,608 [clgcbm.py] => task: 4, epoch:10, train loss:0.016353,train accuracy: 99.50000,test_accuracy:95.80000
2025-08-14 13:03:48,737 [clgcbm.py] => task: 4, epoch:0, train loss:0.059464,train accuracy: 80.62602,test_accuracy:70.80000
2025-08-14 13:04:45,987 [clgcbm.py] => task: 4, epoch:10, train loss:-0.436311,train accuracy: 92.22713,test_accuracy:89.80000
2025-08-14 13:05:43,186 [clgcbm.py] => task: 4, epoch:20, train loss:-0.508619,train accuracy: 93.82903,test_accuracy:91.80000
2025-08-14 13:06:40,863 [clgcbm.py] => task: 4, epoch:30, train loss:-0.585390,train accuracy: 95.69855,test_accuracy:91.20000
2025-08-14 13:07:38,324 [clgcbm.py] => task: 4, epoch:40, train loss:-0.597678,train accuracy: 95.93127,test_accuracy:90.80000
2025-08-14 13:08:35,572 [clgcbm.py] => task: 4, epoch:50, train loss:-0.597840,train accuracy: 95.90412,test_accuracy:90.80000
2025-08-14 13:09:27,506 [clgcbm.py] => task: 4, epoch:59, train loss:-0.599312,train accuracy: 95.92352,test_accuracy:90.80000
2025-08-14 13:09:37,234 [trainer.py] => No NME accuracy.
2025-08-14 13:09:37,234 [trainer.py] => CNN: {'total': 85.2, '00-09': 82.6, '10-19': 81.6, '20-29': 89.8, '30-39': 80.2, '40-49': 91.8, 'old': 83.55, 'new': 91.8}
2025-08-14 13:09:37,234 [trainer.py] => CNN top1 curve: [93.6, 88.8, 88.6, 86.6, 85.2]
2025-08-14 13:09:37,234 [trainer.py] => CNN top5 curve: [100.0, 98.6, 98.2, 97.55, 97.08]

2025-08-14 13:09:37,235 [trainer.py] => Average Accuracy (CNN): 88.56
2025-08-14 13:09:37,235 [clgcbm.py] => Learning on 50-60
2025-08-14 13:09:58,887 [clgcbm.py] => task: 5, epoch:0, train loss:0.221889,train accuracy: 93.22000,test_accuracy:94.60001
2025-08-14 13:10:06,154 [clgcbm.py] => task: 5, epoch:10, train loss:0.019607,train accuracy: 99.36000,test_accuracy:95.80000
2025-08-14 13:10:13,420 [clgcbm.py] => task: 5, epoch:20, train loss:0.000657,train accuracy: 100.00000,test_accuracy:95.20000
2025-08-14 13:11:09,584 [clgcbm.py] => task: 5, epoch:0, train loss:-0.006524,train accuracy: 82.43261,test_accuracy:67.00000
2025-08-14 13:12:21,505 [clgcbm.py] => task: 5, epoch:10, train loss:-0.407971,train accuracy: 91.63811,test_accuracy:80.80000
2025-08-14 13:13:33,362 [clgcbm.py] => task: 5, epoch:20, train loss:-0.473696,train accuracy: 92.82759,test_accuracy:84.20000
2025-08-14 13:14:45,662 [clgcbm.py] => task: 5, epoch:30, train loss:-0.558539,train accuracy: 95.09665,test_accuracy:84.80000
2025-08-14 13:15:57,537 [clgcbm.py] => task: 5, epoch:40, train loss:-0.572186,train accuracy: 95.42310,test_accuracy:85.20000
2025-08-14 13:17:09,647 [clgcbm.py] => task: 5, epoch:50, train loss:-0.573809,train accuracy: 95.39725,test_accuracy:85.40000
2025-08-14 13:18:14,869 [clgcbm.py] => task: 5, epoch:59, train loss:-0.574482,train accuracy: 95.44250,test_accuracy:85.40000
2025-08-14 13:18:26,358 [trainer.py] => No NME accuracy.
2025-08-14 13:18:26,358 [trainer.py] => CNN: {'total': 84.27, '00-09': 81.8, '10-19': 82.0, '20-29': 89.8, '30-39': 79.6, '40-49': 87.0, '50-59': 85.4, 'old': 84.04, 'new': 85.4}
2025-08-14 13:18:26,358 [trainer.py] => CNN top1 curve: [93.6, 88.8, 88.6, 86.6, 85.2, 84.27]
2025-08-14 13:18:26,358 [trainer.py] => CNN top5 curve: [100.0, 98.6, 98.2, 97.55, 97.08, 96.87]

2025-08-14 13:18:26,358 [trainer.py] => Average Accuracy (CNN): 87.84500000000001
2025-08-14 13:18:26,358 [clgcbm.py] => Learning on 60-70
2025-08-14 13:18:47,812 [clgcbm.py] => task: 6, epoch:0, train loss:0.227915,train accuracy: 93.16000,test_accuracy:93.20000
2025-08-14 13:18:54,973 [clgcbm.py] => task: 6, epoch:10, train loss:0.031535,train accuracy: 98.88000,test_accuracy:93.00001
2025-08-14 13:19:53,711 [clgcbm.py] => task: 6, epoch:0, train loss:-0.053180,train accuracy: 82.51233,test_accuracy:66.20000
2025-08-14 13:21:22,125 [clgcbm.py] => task: 6, epoch:10, train loss:-0.373370,train accuracy: 90.28093,test_accuracy:80.60001
2025-08-14 13:22:50,213 [clgcbm.py] => task: 6, epoch:20, train loss:-0.434898,train accuracy: 91.69668,test_accuracy:79.60001
2025-08-14 13:24:18,288 [clgcbm.py] => task: 6, epoch:30, train loss:-0.524803,train accuracy: 93.91589,test_accuracy:79.80000
2025-08-14 13:25:46,356 [clgcbm.py] => task: 6, epoch:40, train loss:-0.539001,train accuracy: 94.14861,test_accuracy:81.40000
2025-08-14 13:27:14,731 [clgcbm.py] => task: 6, epoch:50, train loss:-0.540507,train accuracy: 94.19294,test_accuracy:81.20000
2025-08-14 13:28:34,389 [clgcbm.py] => task: 6, epoch:59, train loss:-0.542730,train accuracy: 94.23173,test_accuracy:81.20000
2025-08-14 13:28:46,751 [trainer.py] => No NME accuracy.
2025-08-14 13:28:46,751 [trainer.py] => CNN: {'total': 82.29, '00-09': 80.2, '10-19': 81.0, '20-29': 89.6, '30-39': 76.0, '40-49': 86.4, '50-59': 81.4, '60-69': 81.4, 'old': 82.43, 'new': 81.4}
2025-08-14 13:28:46,751 [trainer.py] => CNN top1 curve: [93.6, 88.8, 88.6, 86.6, 85.2, 84.27, 82.29]
2025-08-14 13:28:46,751 [trainer.py] => CNN top5 curve: [100.0, 98.6, 98.2, 97.55, 97.08, 96.87, 96.29]

2025-08-14 13:28:46,751 [trainer.py] => Average Accuracy (CNN): 87.05142857142857
2025-08-14 13:28:46,752 [clgcbm.py] => Learning on 70-80
2025-08-14 13:29:07,224 [clgcbm.py] => task: 7, epoch:0, train loss:0.251855,train accuracy: 91.93999,test_accuracy:95.40001
2025-08-14 13:29:14,581 [clgcbm.py] => task: 7, epoch:10, train loss:0.042015,train accuracy: 98.60000,test_accuracy:95.60001
2025-08-14 13:29:21,970 [clgcbm.py] => task: 7, epoch:20, train loss:0.070652,train accuracy: 97.88000,test_accuracy:96.20000
2025-08-14 13:29:29,467 [clgcbm.py] => task: 7, epoch:30, train loss:0.032570,train accuracy: 99.04000,test_accuracy:93.00001
2025-08-14 13:30:33,235 [clgcbm.py] => task: 7, epoch:0, train loss:-0.088284,train accuracy: 83.55637,test_accuracy:69.60001
2025-08-14 13:32:19,417 [clgcbm.py] => task: 7, epoch:10, train loss:-0.366986,train accuracy: 90.35637,test_accuracy:81.80000
2025-08-14 13:34:05,266 [clgcbm.py] => task: 7, epoch:20, train loss:-0.426241,train accuracy: 91.98788,test_accuracy:84.40000
2025-08-14 13:35:50,835 [clgcbm.py] => task: 7, epoch:30, train loss:-0.518862,train accuracy: 94.04121,test_accuracy:87.40000
2025-08-14 13:37:36,819 [clgcbm.py] => task: 7, epoch:40, train loss:-0.534571,train accuracy: 94.34667,test_accuracy:87.20000
2025-08-14 13:39:22,478 [clgcbm.py] => task: 7, epoch:50, train loss:-0.536384,train accuracy: 94.34909,test_accuracy:87.20000
2025-08-14 13:40:57,606 [clgcbm.py] => task: 7, epoch:59, train loss:-0.535886,train accuracy: 94.32970,test_accuracy:87.20000
2025-08-14 13:41:11,269 [trainer.py] => No NME accuracy.
2025-08-14 13:41:11,269 [trainer.py] => CNN: {'total': 82.05, '00-09': 81.0, '10-19': 79.4, '20-29': 88.2, '30-39': 74.8, '40-49': 83.8, '50-59': 82.6, '60-69': 79.2, '70-79': 87.4, 'old': 81.29, 'new': 87.4}
2025-08-14 13:41:11,269 [trainer.py] => CNN top1 curve: [93.6, 88.8, 88.6, 86.6, 85.2, 84.27, 82.29, 82.05]
2025-08-14 13:41:11,269 [trainer.py] => CNN top5 curve: [100.0, 98.6, 98.2, 97.55, 97.08, 96.87, 96.29, 96.1]

2025-08-14 13:41:11,270 [trainer.py] => Average Accuracy (CNN): 86.42625
2025-08-14 13:41:11,270 [clgcbm.py] => Learning on 80-90
2025-08-14 13:41:31,193 [clgcbm.py] => task: 8, epoch:0, train loss:0.191205,train accuracy: 93.88000,test_accuracy:95.80000
2025-08-14 13:41:38,586 [clgcbm.py] => task: 8, epoch:10, train loss:0.039216,train accuracy: 98.70000,test_accuracy:95.60001
2025-08-14 13:42:45,937 [clgcbm.py] => task: 8, epoch:0, train loss:-0.102630,train accuracy: 84.38200,test_accuracy:68.40000
2025-08-14 13:44:50,968 [clgcbm.py] => task: 8, epoch:10, train loss:-0.342980,train accuracy: 89.94139,test_accuracy:82.60001
2025-08-14 13:46:55,791 [clgcbm.py] => task: 8, epoch:20, train loss:-0.401006,train accuracy: 91.45406,test_accuracy:82.80000
2025-08-14 13:49:00,773 [clgcbm.py] => task: 8, epoch:30, train loss:-0.500191,train accuracy: 93.58085,test_accuracy:85.40000
2025-08-14 13:51:04,068 [clgcbm.py] => task: 8, epoch:40, train loss:-0.516430,train accuracy: 93.82003,test_accuracy:85.40000
2025-08-14 13:53:07,435 [clgcbm.py] => task: 8, epoch:50, train loss:-0.518405,train accuracy: 93.88036,test_accuracy:85.60001
2025-08-14 13:54:58,698 [clgcbm.py] => task: 8, epoch:59, train loss:-0.518069,train accuracy: 93.84373,test_accuracy:85.60001
2025-08-14 13:55:13,886 [trainer.py] => No NME accuracy.
2025-08-14 13:55:13,886 [trainer.py] => CNN: {'total': 81.62, '00-09': 78.4, '10-19': 79.4, '20-29': 87.2, '30-39': 77.0, '40-49': 85.2, '50-59': 80.6, '60-69': 78.0, '70-79': 83.2, '80-89': 85.6, 'old': 81.12, 'new': 85.6}
2025-08-14 13:55:13,886 [trainer.py] => CNN top1 curve: [93.6, 88.8, 88.6, 86.6, 85.2, 84.27, 82.29, 82.05, 81.62]
2025-08-14 13:55:13,886 [trainer.py] => CNN top5 curve: [100.0, 98.6, 98.2, 97.55, 97.08, 96.87, 96.29, 96.1, 95.58]

2025-08-14 13:55:13,886 [trainer.py] => Average Accuracy (CNN): 85.89222222222222
2025-08-14 13:55:13,886 [clgcbm.py] => Learning on 90-100
2025-08-14 13:55:33,697 [clgcbm.py] => task: 9, epoch:0, train loss:0.246745,train accuracy: 92.88000,test_accuracy:93.00001
2025-08-14 13:55:40,904 [clgcbm.py] => task: 9, epoch:10, train loss:0.022917,train accuracy: 99.22000,test_accuracy:93.20000
2025-08-14 13:55:48,098 [clgcbm.py] => task: 9, epoch:20, train loss:0.010758,train accuracy: 99.56000,test_accuracy:93.20000
2025-08-14 13:56:57,720 [clgcbm.py] => task: 9, epoch:0, train loss:-0.119381,train accuracy: 85.17183,test_accuracy:72.80000
2025-08-14 13:59:20,912 [clgcbm.py] => task: 9, epoch:10, train loss:-0.331860,train accuracy: 90.36537,test_accuracy:78.60000
2025-08-14 14:01:43,689 [clgcbm.py] => task: 9, epoch:20, train loss:-0.383467,train accuracy: 91.59297,test_accuracy:80.40000
2025-08-14 14:04:07,285 [clgcbm.py] => task: 9, epoch:30, train loss:-0.489767,train accuracy: 93.79218,test_accuracy:84.40000
2025-08-14 14:06:30,357 [clgcbm.py] => task: 9, epoch:40, train loss:-0.507829,train accuracy: 93.96284,test_accuracy:84.00000
2025-08-14 14:08:53,681 [clgcbm.py] => task: 9, epoch:50, train loss:-0.509718,train accuracy: 94.01714,test_accuracy:84.00000
2025-08-14 14:11:02,437 [clgcbm.py] => task: 9, epoch:59, train loss:-0.511604,train accuracy: 94.03654,test_accuracy:84.00000
2025-08-14 14:11:19,059 [trainer.py] => No NME accuracy.
2025-08-14 14:11:19,059 [trainer.py] => CNN: {'total': 81.02, '00-09': 76.6, '10-19': 78.4, '20-29': 86.8, '30-39': 76.0, '40-49': 84.4, '50-59': 79.6, '60-69': 78.0, '70-79': 82.0, '80-89': 84.0, '90-99': 84.4, 'old': 80.64, 'new': 84.4}
2025-08-14 14:11:19,060 [trainer.py] => CNN top1 curve: [93.6, 88.8, 88.6, 86.6, 85.2, 84.27, 82.29, 82.05, 81.62, 81.02]
2025-08-14 14:11:19,060 [trainer.py] => CNN top5 curve: [100.0, 98.6, 98.2, 97.55, 97.08, 96.87, 96.29, 96.1, 95.58, 95.36]

2025-08-14 14:11:19,060 [trainer.py] => Average Accuracy (CNN): 85.405
2025-08-14 14:11:19,060 [clgcbm.py] => Learning on 100-110
2025-08-14 14:11:38,332 [clgcbm.py] => task: 10, epoch:0, train loss:0.151983,train accuracy: 95.25999,test_accuracy:97.60001
2025-08-14 14:11:45,514 [clgcbm.py] => task: 10, epoch:10, train loss:0.006443,train accuracy: 99.82000,test_accuracy:96.80000
2025-08-14 14:12:58,128 [clgcbm.py] => task: 10, epoch:0, train loss:-0.145970,train accuracy: 86.04196,test_accuracy:77.00001
2025-08-14 14:15:42,753 [clgcbm.py] => task: 10, epoch:10, train loss:-0.321941,train accuracy: 90.10931,test_accuracy:86.40000
2025-08-14 14:18:28,049 [clgcbm.py] => task: 10, epoch:20, train loss:-0.371123,train accuracy: 91.37165,test_accuracy:89.00001
2025-08-14 14:21:12,414 [clgcbm.py] => task: 10, epoch:30, train loss:-0.486909,train accuracy: 93.67772,test_accuracy:86.20000
2025-08-14 14:23:57,103 [clgcbm.py] => task: 10, epoch:40, train loss:-0.505402,train accuracy: 93.86989,test_accuracy:85.20000
2025-08-14 14:26:41,158 [clgcbm.py] => task: 10, epoch:50, train loss:-0.509261,train accuracy: 93.93864,test_accuracy:85.40000
2025-08-14 14:29:09,195 [clgcbm.py] => task: 10, epoch:59, train loss:-0.510086,train accuracy: 93.94923,test_accuracy:85.40000
2025-08-14 14:29:27,454 [trainer.py] => No NME accuracy.
2025-08-14 14:29:27,454 [trainer.py] => CNN: {'total': 79.82, '00-09': 77.8, '10-19': 79.0, '20-29': 83.4, '30-39': 74.2, '40-49': 84.8, '50-59': 71.6, '60-69': 76.2, '70-79': 80.8, '80-89': 82.0, '90-99': 79.2, '100-109': 89.0, 'old': 78.9, 'new': 89.0}
2025-08-14 14:29:27,455 [trainer.py] => CNN top1 curve: [93.6, 88.8, 88.6, 86.6, 85.2, 84.27, 82.29, 82.05, 81.62, 81.02, 79.82]
2025-08-14 14:29:27,455 [trainer.py] => CNN top5 curve: [100.0, 98.6, 98.2, 97.55, 97.08, 96.87, 96.29, 96.1, 95.58, 95.36, 95.2]

2025-08-14 14:29:27,455 [trainer.py] => Average Accuracy (CNN): 84.89727272727272
2025-08-14 14:29:27,455 [clgcbm.py] => Learning on 110-120
2025-08-14 14:29:47,022 [clgcbm.py] => task: 11, epoch:0, train loss:0.294355,train accuracy: 92.07999,test_accuracy:94.40001
2025-08-14 14:29:54,182 [clgcbm.py] => task: 11, epoch:10, train loss:0.027454,train accuracy: 99.16000,test_accuracy:93.40000
2025-08-14 14:31:11,281 [clgcbm.py] => task: 11, epoch:0, train loss:-0.115875,train accuracy: 85.88791,test_accuracy:71.80000
2025-08-14 14:34:17,579 [clgcbm.py] => task: 11, epoch:10, train loss:-0.278167,train accuracy: 89.59532,test_accuracy:72.20000
2025-08-14 14:37:23,293 [clgcbm.py] => task: 11, epoch:20, train loss:-0.331080,train accuracy: 90.98843,test_accuracy:79.40000
2025-08-14 14:40:28,630 [clgcbm.py] => task: 11, epoch:30, train loss:-0.450805,train accuracy: 93.05224,test_accuracy:79.60001
2025-08-14 14:43:34,260 [clgcbm.py] => task: 11, epoch:40, train loss:-0.472966,train accuracy: 93.23971,test_accuracy:79.80000
2025-08-14 14:46:39,713 [clgcbm.py] => task: 11, epoch:50, train loss:-0.477300,train accuracy: 93.28334,test_accuracy:79.80000
2025-08-14 14:49:27,032 [clgcbm.py] => task: 11, epoch:59, train loss:-0.477517,train accuracy: 93.30597,test_accuracy:79.80000
2025-08-14 14:49:46,990 [trainer.py] => No NME accuracy.
2025-08-14 14:49:46,991 [trainer.py] => CNN: {'total': 79.53, '00-09': 75.4, '10-19': 76.8, '20-29': 87.2, '30-39': 74.6, '40-49': 81.6, '50-59': 77.0, '60-69': 78.0, '70-79': 79.4, '80-89': 82.0, '90-99': 79.4, '100-109': 83.2, '110-119': 79.8, 'old': 79.51, 'new': 79.8}
2025-08-14 14:49:46,991 [trainer.py] => CNN top1 curve: [93.6, 88.8, 88.6, 86.6, 85.2, 84.27, 82.29, 82.05, 81.62, 81.02, 79.82, 79.53]
2025-08-14 14:49:46,991 [trainer.py] => CNN top5 curve: [100.0, 98.6, 98.2, 97.55, 97.08, 96.87, 96.29, 96.1, 95.58, 95.36, 95.2, 94.97]

2025-08-14 14:49:46,991 [trainer.py] => Average Accuracy (CNN): 84.44999999999999
2025-08-14 14:49:46,991 [clgcbm.py] => Learning on 120-130
2025-08-14 14:50:06,833 [clgcbm.py] => task: 12, epoch:0, train loss:0.231236,train accuracy: 93.14000,test_accuracy:96.80000
2025-08-14 14:50:14,211 [clgcbm.py] => task: 12, epoch:10, train loss:0.012313,train accuracy: 99.54000,test_accuracy:97.00000
2025-08-14 14:50:21,742 [clgcbm.py] => task: 12, epoch:20, train loss:0.003406,train accuracy: 99.92000,test_accuracy:97.40000
2025-08-14 14:50:29,141 [clgcbm.py] => task: 12, epoch:30, train loss:0.001585,train accuracy: 100.00000,test_accuracy:97.80000
2025-08-14 14:51:50,211 [clgcbm.py] => task: 12, epoch:0, train loss:-0.106658,train accuracy: 85.72025,test_accuracy:70.40001
2025-08-14 14:55:20,850 [clgcbm.py] => task: 12, epoch:10, train loss:-0.253231,train accuracy: 89.33047,test_accuracy:76.80000
2025-08-14 14:58:50,816 [clgcbm.py] => task: 12, epoch:20, train loss:-0.302789,train accuracy: 90.64178,test_accuracy:80.00000
2025-08-14 15:02:20,299 [clgcbm.py] => task: 12, epoch:30, train loss:-0.431454,train accuracy: 92.77061,test_accuracy:81.80000
2025-08-14 15:05:50,453 [clgcbm.py] => task: 12, epoch:40, train loss:-0.456532,train accuracy: 93.00185,test_accuracy:81.20000
2025-08-14 15:09:22,973 [clgcbm.py] => task: 12, epoch:50, train loss:-0.460694,train accuracy: 93.04511,test_accuracy:81.20000
2025-08-14 15:12:32,113 [clgcbm.py] => task: 12, epoch:59, train loss:-0.459904,train accuracy: 93.02721,test_accuracy:81.20000
2025-08-14 15:12:53,446 [trainer.py] => No NME accuracy.
2025-08-14 15:12:53,447 [trainer.py] => CNN: {'total': 79.28, '00-09': 74.4, '10-19': 77.6, '20-29': 86.4, '30-39': 73.6, '40-49': 81.0, '50-59': 76.2, '60-69': 75.8, '70-79': 79.0, '80-89': 81.4, '90-99': 80.4, '100-109': 84.6, '110-119': 78.4, '120-129': 81.8, 'old': 79.07, 'new': 81.8}
2025-08-14 15:12:53,447 [trainer.py] => CNN top1 curve: [93.6, 88.8, 88.6, 86.6, 85.2, 84.27, 82.29, 82.05, 81.62, 81.02, 79.82, 79.53, 79.28]
2025-08-14 15:12:53,447 [trainer.py] => CNN top5 curve: [100.0, 98.6, 98.2, 97.55, 97.08, 96.87, 96.29, 96.1, 95.58, 95.36, 95.2, 94.97, 94.69]

2025-08-14 15:12:53,447 [trainer.py] => Average Accuracy (CNN): 84.05230769230768
2025-08-14 15:12:53,447 [clgcbm.py] => Learning on 130-140
2025-08-14 15:13:13,096 [clgcbm.py] => task: 13, epoch:0, train loss:10.555136,train accuracy: 93.24000,test_accuracy:97.00000
2025-08-14 15:13:20,333 [clgcbm.py] => task: 13, epoch:10, train loss:0.395472,train accuracy: 98.04000,test_accuracy:97.40000
2025-08-14 15:13:27,591 [clgcbm.py] => task: 13, epoch:20, train loss:0.561653,train accuracy: 99.92000,test_accuracy:98.00000
2025-08-14 15:13:35,137 [clgcbm.py] => task: 13, epoch:30, train loss:0.769361,train accuracy: 99.98000,test_accuracy:97.00000
2025-08-14 15:14:59,377 [clgcbm.py] => task: 13, epoch:0, train loss:-0.118751,train accuracy: 86.92580,test_accuracy:81.40000
2025-08-14 15:18:54,958 [clgcbm.py] => task: 13, epoch:10, train loss:-0.251611,train accuracy: 89.73098,test_accuracy:89.00001
2025-08-14 15:22:50,792 [clgcbm.py] => task: 13, epoch:20, train loss:-0.295793,train accuracy: 90.89461,test_accuracy:88.80001
2025-08-14 15:26:46,400 [clgcbm.py] => task: 13, epoch:30, train loss:-0.432201,train accuracy: 92.93511,test_accuracy:89.60001
2025-08-14 15:30:41,691 [clgcbm.py] => task: 13, epoch:40, train loss:-0.457738,train accuracy: 93.07780,test_accuracy:90.40000
2025-08-14 15:34:37,070 [clgcbm.py] => task: 13, epoch:50, train loss:-0.462655,train accuracy: 93.19277,test_accuracy:90.20000
2025-08-14 15:38:10,326 [clgcbm.py] => task: 13, epoch:59, train loss:-0.461367,train accuracy: 93.12766,test_accuracy:90.20000
2025-08-14 15:38:34,299 [trainer.py] => No NME accuracy.
2025-08-14 15:38:34,299 [trainer.py] => CNN: {'total': 79.86, '00-09': 74.4, '10-19': 77.8, '20-29': 84.8, '30-39': 73.4, '40-49': 80.2, '50-59': 75.2, '60-69': 77.6, '70-79': 80.4, '80-89': 80.4, '90-99': 79.2, '100-109': 84.0, '110-119': 78.6, '120-129': 81.6, '130-139': 90.4, 'old': 79.05, 'new': 90.4}
2025-08-14 15:38:34,300 [trainer.py] => CNN top1 curve: [93.6, 88.8, 88.6, 86.6, 85.2, 84.27, 82.29, 82.05, 81.62, 81.02, 79.82, 79.53, 79.28, 79.86]
2025-08-14 15:38:34,300 [trainer.py] => CNN top5 curve: [100.0, 98.6, 98.2, 97.55, 97.08, 96.87, 96.29, 96.1, 95.58, 95.36, 95.2, 94.97, 94.69, 94.46]

2025-08-14 15:38:34,300 [trainer.py] => Average Accuracy (CNN): 83.75285714285712
2025-08-14 15:38:34,300 [clgcbm.py] => Learning on 140-150
2025-08-14 15:38:55,309 [clgcbm.py] => task: 14, epoch:0, train loss:0.353203,train accuracy: 91.80000,test_accuracy:95.40001
2025-08-14 15:39:02,861 [clgcbm.py] => task: 14, epoch:10, train loss:0.028025,train accuracy: 98.92000,test_accuracy:94.80001
2025-08-14 15:40:32,612 [clgcbm.py] => task: 14, epoch:0, train loss:-0.114384,train accuracy: 86.99964,test_accuracy:73.00000
2025-08-14 15:44:53,148 [clgcbm.py] => task: 14, epoch:10, train loss:-0.230314,train accuracy: 89.50662,test_accuracy:80.40000
2025-08-14 15:49:15,212 [clgcbm.py] => task: 14, epoch:20, train loss:-0.273073,train accuracy: 90.68577,test_accuracy:75.80000
2025-08-14 15:53:35,476 [clgcbm.py] => task: 14, epoch:30, train loss:-0.415382,train accuracy: 92.52689,test_accuracy:82.00001
2025-08-14 15:58:00,166 [clgcbm.py] => task: 14, epoch:40, train loss:-0.443386,train accuracy: 92.72601,test_accuracy:82.00001
2025-08-14 16:02:20,786 [clgcbm.py] => task: 14, epoch:50, train loss:-0.448291,train accuracy: 92.76867,test_accuracy:82.40001
2025-08-14 16:06:14,488 [clgcbm.py] => task: 14, epoch:59, train loss:-0.449283,train accuracy: 92.80875,test_accuracy:82.40001
2025-08-14 16:06:40,684 [trainer.py] => No NME accuracy.
2025-08-14 16:06:40,684 [trainer.py] => CNN: {'total': 79.35, '00-09': 74.6, '10-19': 75.2, '20-29': 84.6, '30-39': 74.0, '40-49': 80.2, '50-59': 74.4, '60-69': 75.6, '70-79': 79.2, '80-89': 80.0, '90-99': 79.2, '100-109': 83.0, '110-119': 78.4, '120-129': 81.4, '130-139': 88.0, '140-149': 82.4, 'old': 79.13, 'new': 82.4}
2025-08-14 16:06:40,684 [trainer.py] => CNN top1 curve: [93.6, 88.8, 88.6, 86.6, 85.2, 84.27, 82.29, 82.05, 81.62, 81.02, 79.82, 79.53, 79.28, 79.86, 79.35]
2025-08-14 16:06:40,684 [trainer.py] => CNN top5 curve: [100.0, 98.6, 98.2, 97.55, 97.08, 96.87, 96.29, 96.1, 95.58, 95.36, 95.2, 94.97, 94.69, 94.46, 94.24]

2025-08-14 16:06:40,684 [trainer.py] => Average Accuracy (CNN): 83.4593333333333
2025-08-14 16:06:40,685 [clgcbm.py] => Learning on 150-160
2025-08-14 16:07:01,670 [clgcbm.py] => task: 15, epoch:0, train loss:0.234204,train accuracy: 92.48000,test_accuracy:95.00001
2025-08-14 16:07:08,960 [clgcbm.py] => task: 15, epoch:10, train loss:0.035143,train accuracy: 98.84000,test_accuracy:95.80000
2025-08-14 16:07:16,200 [clgcbm.py] => task: 15, epoch:20, train loss:0.008314,train accuracy: 99.80000,test_accuracy:96.20000
2025-08-14 16:07:23,632 [clgcbm.py] => task: 15, epoch:30, train loss:0.029106,train accuracy: 99.16000,test_accuracy:96.20000
2025-08-14 16:08:57,134 [clgcbm.py] => task: 15, epoch:0, train loss:-0.073240,train accuracy: 86.27879,test_accuracy:72.40000
2025-08-14 16:13:44,150 [clgcbm.py] => task: 15, epoch:10, train loss:-0.184276,train accuracy: 88.83273,test_accuracy:72.80000
2025-08-14 16:18:31,210 [clgcbm.py] => task: 15, epoch:20, train loss:-0.226411,train accuracy: 89.84606,test_accuracy:76.00001
2025-08-14 16:23:18,329 [clgcbm.py] => task: 15, epoch:30, train loss:-0.380963,train accuracy: 91.82304,test_accuracy:77.00001
2025-08-14 16:28:05,354 [clgcbm.py] => task: 15, epoch:40, train loss:-0.413014,train accuracy: 92.04485,test_accuracy:78.00000
2025-08-14 16:32:52,497 [clgcbm.py] => task: 15, epoch:50, train loss:-0.417020,train accuracy: 92.05939,test_accuracy:78.20000
2025-08-14 16:37:11,160 [clgcbm.py] => task: 15, epoch:59, train loss:-0.417252,train accuracy: 92.06303,test_accuracy:78.20000
2025-08-14 16:37:41,055 [trainer.py] => No NME accuracy.
2025-08-14 16:37:41,055 [trainer.py] => CNN: {'total': 79.0, '00-09': 74.6, '10-19': 76.2, '20-29': 84.4, '30-39': 73.6, '40-49': 79.2, '50-59': 74.4, '60-69': 75.4, '70-79': 78.2, '80-89': 79.6, '90-99': 79.0, '100-109': 82.2, '110-119': 78.6, '120-129': 82.4, '130-139': 87.8, '140-149': 80.2, '150-159': 78.2, 'old': 79.05, 'new': 78.2}
2025-08-14 16:37:41,055 [trainer.py] => CNN top1 curve: [93.6, 88.8, 88.6, 86.6, 85.2, 84.27, 82.29, 82.05, 81.62, 81.02, 79.82, 79.53, 79.28, 79.86, 79.35, 79.0]
2025-08-14 16:37:41,055 [trainer.py] => CNN top5 curve: [100.0, 98.6, 98.2, 97.55, 97.08, 96.87, 96.29, 96.1, 95.58, 95.36, 95.2, 94.97, 94.69, 94.46, 94.24, 94.18]

2025-08-14 16:37:41,055 [trainer.py] => Average Accuracy (CNN): 83.18062499999998
2025-08-14 16:37:41,055 [clgcbm.py] => Learning on 160-170
2025-08-14 16:38:01,235 [clgcbm.py] => task: 16, epoch:0, train loss:0.247318,train accuracy: 91.34000,test_accuracy:94.60001
2025-08-14 16:38:08,723 [clgcbm.py] => task: 16, epoch:10, train loss:0.051105,train accuracy: 98.00000,test_accuracy:93.20000
2025-08-14 16:39:43,928 [clgcbm.py] => task: 16, epoch:0, train loss:-0.055430,train accuracy: 86.14502,test_accuracy:69.40000
2025-08-14 16:45:00,255 [clgcbm.py] => task: 16, epoch:10, train loss:-0.161209,train accuracy: 88.38669,test_accuracy:72.20000
2025-08-14 16:50:16,555 [clgcbm.py] => task: 16, epoch:20, train loss:-0.196791,train accuracy: 89.42595,test_accuracy:76.40001
2025-08-14 16:55:33,155 [clgcbm.py] => task: 16, epoch:30, train loss:-0.361595,train accuracy: 91.29002,test_accuracy:79.60001
2025-08-14 17:00:49,802 [clgcbm.py] => task: 16, epoch:40, train loss:-0.396706,train accuracy: 91.50790,test_accuracy:78.60000
2025-08-14 17:06:06,303 [clgcbm.py] => task: 16, epoch:50, train loss:-0.402192,train accuracy: 91.51361,test_accuracy:79.00000
2025-08-14 17:10:51,060 [clgcbm.py] => task: 16, epoch:59, train loss:-0.403140,train accuracy: 91.55240,test_accuracy:79.00000
2025-08-14 17:11:20,355 [trainer.py] => No NME accuracy.
2025-08-14 17:11:20,355 [trainer.py] => CNN: {'total': 78.6, '00-09': 74.0, '10-19': 76.6, '20-29': 83.8, '30-39': 73.4, '40-49': 78.8, '50-59': 74.8, '60-69': 75.0, '70-79': 77.4, '80-89': 79.8, '90-99': 77.6, '100-109': 80.4, '110-119': 78.4, '120-129': 82.2, '130-139': 87.4, '140-149': 80.0, '150-159': 77.0, '160-169': 79.6, 'old': 78.54, 'new': 79.6}
2025-08-14 17:11:20,356 [trainer.py] => CNN top1 curve: [93.6, 88.8, 88.6, 86.6, 85.2, 84.27, 82.29, 82.05, 81.62, 81.02, 79.82, 79.53, 79.28, 79.86, 79.35, 79.0, 78.6]
2025-08-14 17:11:20,356 [trainer.py] => CNN top5 curve: [100.0, 98.6, 98.2, 97.55, 97.08, 96.87, 96.29, 96.1, 95.58, 95.36, 95.2, 94.97, 94.69, 94.46, 94.24, 94.18, 94.09]

2025-08-14 17:11:20,356 [trainer.py] => Average Accuracy (CNN): 82.9111764705882
2025-08-14 17:11:20,356 [clgcbm.py] => Learning on 170-180
2025-08-14 17:11:41,467 [clgcbm.py] => task: 17, epoch:0, train loss:1.694535,train accuracy: 90.78000,test_accuracy:94.00001
2025-08-14 17:11:48,960 [clgcbm.py] => task: 17, epoch:10, train loss:0.092373,train accuracy: 97.43999,test_accuracy:94.00001
2025-08-14 17:13:29,785 [clgcbm.py] => task: 17, epoch:0, train loss:-0.013516,train accuracy: 85.79417,test_accuracy:70.20000
2025-08-14 17:19:16,158 [clgcbm.py] => task: 17, epoch:10, train loss:-0.107588,train accuracy: 87.68828,test_accuracy:73.80000
2025-08-14 17:25:01,537 [clgcbm.py] => task: 17, epoch:20, train loss:-0.149390,train accuracy: 88.68382,test_accuracy:75.20000
2025-08-14 17:30:46,742 [clgcbm.py] => task: 17, epoch:30, train loss:-0.325604,train accuracy: 90.54129,test_accuracy:77.80000
2025-08-14 17:36:33,853 [clgcbm.py] => task: 17, epoch:40, train loss:-0.366489,train accuracy: 90.76863,test_accuracy:77.40000
2025-08-14 17:42:20,023 [clgcbm.py] => task: 17, epoch:50, train loss:-0.371837,train accuracy: 90.80634,test_accuracy:77.60001
2025-08-14 17:47:32,504 [clgcbm.py] => task: 17, epoch:59, train loss:-0.372848,train accuracy: 90.83435,test_accuracy:77.80000
2025-08-14 17:48:03,497 [trainer.py] => No NME accuracy.
2025-08-14 17:48:03,497 [trainer.py] => CNN: {'total': 78.0, '00-09': 73.6, '10-19': 77.4, '20-29': 83.6, '30-39': 72.4, '40-49': 78.4, '50-59': 75.6, '60-69': 74.0, '70-79': 77.4, '80-89': 78.0, '90-99': 78.0, '100-109': 79.4, '110-119': 78.4, '120-129': 83.0, '130-139': 86.2, '140-149': 78.0, '150-159': 75.6, '160-169': 77.2, '170-179': 77.8, 'old': 78.01, 'new': 77.8}
2025-08-14 17:48:03,498 [trainer.py] => CNN top1 curve: [93.6, 88.8, 88.6, 86.6, 85.2, 84.27, 82.29, 82.05, 81.62, 81.02, 79.82, 79.53, 79.28, 79.86, 79.35, 79.0, 78.6, 78.0]
2025-08-14 17:48:03,498 [trainer.py] => CNN top5 curve: [100.0, 98.6, 98.2, 97.55, 97.08, 96.87, 96.29, 96.1, 95.58, 95.36, 95.2, 94.97, 94.69, 94.46, 94.24, 94.18, 94.09, 93.73]

2025-08-14 17:48:03,498 [trainer.py] => Average Accuracy (CNN): 82.6383333333333
2025-08-14 17:48:03,498 [clgcbm.py] => Learning on 180-190
2025-08-14 17:48:24,688 [clgcbm.py] => task: 18, epoch:0, train loss:0.404458,train accuracy: 92.72000,test_accuracy:94.60001
2025-08-14 17:48:31,946 [clgcbm.py] => task: 18, epoch:10, train loss:0.022624,train accuracy: 99.10000,test_accuracy:94.60001
2025-08-14 17:50:16,647 [clgcbm.py] => task: 18, epoch:0, train loss:0.021182,train accuracy: 85.40472,test_accuracy:69.60001
2025-08-14 17:56:35,736 [clgcbm.py] => task: 18, epoch:10, train loss:-0.068084,train accuracy: 87.18485,test_accuracy:72.20000
2025-08-14 18:02:54,162 [clgcbm.py] => task: 18, epoch:20, train loss:-0.105253,train accuracy: 88.10656,test_accuracy:69.40000
2025-08-14 18:09:13,971 [clgcbm.py] => task: 18, epoch:30, train loss:-0.296337,train accuracy: 90.07145,test_accuracy:75.00001
2025-08-14 18:15:32,227 [clgcbm.py] => task: 18, epoch:40, train loss:-0.338573,train accuracy: 90.29805,test_accuracy:74.40000
2025-08-14 18:21:51,088 [clgcbm.py] => task: 18, epoch:50, train loss:-0.344701,train accuracy: 90.34705,test_accuracy:74.60001
2025-08-14 18:27:35,631 [clgcbm.py] => task: 18, epoch:59, train loss:-0.345876,train accuracy: 90.33276,test_accuracy:74.60001
2025-08-14 18:28:07,215 [trainer.py] => No NME accuracy.
2025-08-14 18:28:07,215 [trainer.py] => CNN: {'total': 77.16, '00-09': 73.8, '10-19': 75.6, '20-29': 83.4, '30-39': 70.8, '40-49': 76.8, '50-59': 74.2, '60-69': 73.4, '70-79': 76.8, '80-89': 79.8, '90-99': 76.0, '100-109': 79.4, '110-119': 78.0, '120-129': 81.2, '130-139': 84.8, '140-149': 78.8, '150-159': 75.6, '160-169': 77.8, '170-179': 74.8, '180-189': 75.0, 'old': 77.28, 'new': 75.0}
2025-08-14 18:28:07,215 [trainer.py] => CNN top1 curve: [93.6, 88.8, 88.6, 86.6, 85.2, 84.27, 82.29, 82.05, 81.62, 81.02, 79.82, 79.53, 79.28, 79.86, 79.35, 79.0, 78.6, 78.0, 77.16]
2025-08-14 18:28:07,215 [trainer.py] => CNN top5 curve: [100.0, 98.6, 98.2, 97.55, 97.08, 96.87, 96.29, 96.1, 95.58, 95.36, 95.2, 94.97, 94.69, 94.46, 94.24, 94.18, 94.09, 93.73, 93.62]

2025-08-14 18:28:07,216 [trainer.py] => Average Accuracy (CNN): 82.34999999999998
2025-08-14 18:28:07,216 [clgcbm.py] => Learning on 190-200
2025-08-14 18:28:27,401 [clgcbm.py] => task: 19, epoch:0, train loss:0.687927,train accuracy: 93.56000,test_accuracy:95.20000
2025-08-14 18:28:34,683 [clgcbm.py] => task: 19, epoch:10, train loss:0.031631,train accuracy: 98.88000,test_accuracy:95.20000
2025-08-14 18:30:24,518 [clgcbm.py] => task: 19, epoch:0, train loss:0.050913,train accuracy: 85.05421,test_accuracy:64.00001
2025-08-14 18:37:08,358 [clgcbm.py] => task: 19, epoch:10, train loss:-0.034768,train accuracy: 86.59407,test_accuracy:63.80000
2025-08-14 18:43:52,733 [clgcbm.py] => task: 19, epoch:20, train loss:-0.069892,train accuracy: 87.56473,test_accuracy:73.00000
2025-08-14 18:50:33,555 [clgcbm.py] => task: 19, epoch:30, train loss:-0.273488,train accuracy: 89.49053,test_accuracy:72.40000
2025-08-14 18:57:15,712 [clgcbm.py] => task: 19, epoch:40, train loss:-0.321931,train accuracy: 89.77368,test_accuracy:73.60001
2025-08-14 19:03:58,184 [clgcbm.py] => task: 19, epoch:50, train loss:-0.326914,train accuracy: 89.77659,test_accuracy:73.60001
2025-08-14 19:09:58,690 [clgcbm.py] => task: 19, epoch:59, train loss:-0.328368,train accuracy: 89.79404,test_accuracy:73.60001
2025-08-14 19:10:35,036 [trainer.py] => No NME accuracy.
2025-08-14 19:10:35,036 [trainer.py] => CNN: {'total': 76.32, '00-09': 72.2, '10-19': 75.6, '20-29': 81.6, '30-39': 70.6, '40-49': 76.8, '50-59': 72.0, '60-69': 73.6, '70-79': 74.8, '80-89': 78.4, '90-99': 76.6, '100-109': 80.0, '110-119': 77.6, '120-129': 79.6, '130-139': 85.6, '140-149': 78.4, '150-159': 75.6, '160-169': 76.8, '170-179': 76.4, '180-189': 70.6, '190-199': 73.6, 'old': 76.46, 'new': 73.6}
2025-08-14 19:10:35,036 [trainer.py] => CNN top1 curve: [93.6, 88.8, 88.6, 86.6, 85.2, 84.27, 82.29, 82.05, 81.62, 81.02, 79.82, 79.53, 79.28, 79.86, 79.35, 79.0, 78.6, 78.0, 77.16, 76.32]
2025-08-14 19:10:35,036 [trainer.py] => CNN top5 curve: [100.0, 98.6, 98.2, 97.55, 97.08, 96.87, 96.29, 96.1, 95.58, 95.36, 95.2, 94.97, 94.69, 94.46, 94.24, 94.18, 94.09, 93.73, 93.62, 93.36]

2025-08-14 19:10:35,037 [trainer.py] => Average Accuracy (CNN): 82.04849999999998
