2025-08-15 07:40:50,216 [trainer.py] => config: /kaggle/MyCBM/exps/10,10_tiny.json
2025-08-15 07:40:50,217 [trainer.py] => dataset: tinyimagenet
2025-08-15 07:40:50,217 [trainer.py] => shuffle: True
2025-08-15 07:40:50,217 [trainer.py] => init_cls: 10
2025-08-15 07:40:50,217 [trainer.py] => increment: 10
2025-08-15 07:40:50,217 [trainer.py] => device: [device(type='cuda', index=0)]
2025-08-15 07:40:50,217 [trainer.py] => sim: 1
2025-08-15 07:40:50,217 [trainer.py] => epochs: 31
2025-08-15 07:40:50,217 [trainer.py] => lr: 0.01
2025-08-15 07:40:50,217 [trainer.py] => FB_epoch: 60
2025-08-15 07:40:50,217 [trainer.py] => FB_epoch_inc: 60
2025-08-15 07:40:50,217 [trainer.py] => FB_lr_init: 0.001
2025-08-15 07:40:50,218 [trainer.py] => FB_lr_inc: 0.001
2025-08-15 07:40:50,218 [trainer.py] => pool: 10
2025-08-15 07:40:50,218 [trainer.py] => sg_num: 1
2025-08-15 07:40:50,218 [trainer.py] => milestones: [30, 40, 50]
2025-08-15 07:40:50,218 [trainer.py] => prefix: continual-CLIP
2025-08-15 07:40:50,218 [trainer.py] => model_name: playground
2025-08-15 07:40:50,218 [trainer.py] => model_size: ViT-B/16
2025-08-15 07:40:50,218 [trainer.py] => convnet_type: none
2025-08-15 07:40:50,218 [trainer.py] => seed: 1993
2025-08-15 07:40:50,218 [trainer.py] => batch_size: 64
2025-08-15 07:40:50,218 [trainer.py] => num_workers: 4
2025-08-15 07:40:50,218 [trainer.py] => model_type: clip
2025-08-15 07:40:50,218 [trainer.py] => division_power: 5
2025-08-15 07:40:50,219 [trainer.py] => linear_model: ['linear', 'bn', 'linear']
2025-08-15 07:40:50,219 [trainer.py] => score_model: ['bn', 'linear']
2025-08-15 07:40:50,219 [trainer.py] => regularizer: mahalanobis
2025-08-15 07:40:50,219 [trainer.py] => print_freq: 10
2025-08-15 07:40:50,219 [trainer.py] => memory_size: 0
2025-08-15 07:40:50,219 [trainer.py] => repeat: False
2025-08-15 07:41:03,161 [data_manager.py] => [168, 136, 51, 9, 183, 101, 171, 99, 42, 159, 191, 70, 16, 188, 27, 10, 175, 26, 68, 187, 98, 6, 85, 35, 112, 43, 100, 0, 103, 181, 88, 59, 4, 2, 116, 174, 94, 80, 106, 1, 147, 17, 141, 131, 72, 23, 173, 54, 197, 118, 87, 32, 79, 104, 91, 19, 135, 107, 178, 36, 11, 199, 142, 8, 122, 3, 28, 57, 153, 172, 190, 56, 49, 44, 97, 62, 151, 169, 194, 55, 192, 12, 189, 78, 66, 180, 15, 137, 109, 134, 92, 119, 126, 52, 170, 40, 148, 65, 144, 64, 138, 45, 77, 89, 154, 90, 71, 193, 74, 30, 113, 143, 96, 84, 67, 50, 186, 156, 69, 21, 18, 111, 108, 58, 125, 157, 150, 110, 182, 129, 166, 83, 81, 60, 13, 165, 14, 176, 63, 117, 5, 22, 145, 121, 38, 41, 82, 127, 114, 20, 31, 53, 37, 163, 196, 130, 152, 162, 86, 76, 24, 34, 184, 149, 33, 128, 198, 155, 146, 167, 139, 120, 140, 102, 47, 25, 158, 123, 46, 164, 61, 7, 115, 75, 133, 160, 105, 132, 179, 124, 48, 73, 93, 39, 95, 195, 29, 177, 185, 161]
2025-08-15 07:41:03,656 [clgcbm.py] => Learning on 0-10
2025-08-15 07:41:39,032 [clgcbm.py] => task: 0, epoch:0, train loss:0.343344,train accuracy: 89.62000,test_accuracy:92.60001
2025-08-15 07:41:46,286 [clgcbm.py] => task: 0, epoch:10, train loss:0.058668,train accuracy: 98.20000,test_accuracy:90.40000
2025-08-15 07:42:57,864 [clgcbm.py] => task: 0, epoch:0, train loss:1.447207,train accuracy: 21.86000,test_accuracy:29.80000
2025-08-15 07:43:10,142 [clgcbm.py] => task: 0, epoch:10, train loss:-0.517026,train accuracy: 93.42000,test_accuracy:91.80000
2025-08-15 07:43:22,003 [clgcbm.py] => task: 0, epoch:20, train loss:-0.633432,train accuracy: 95.28000,test_accuracy:93.40000
2025-08-15 07:43:33,900 [clgcbm.py] => task: 0, epoch:30, train loss:-0.685448,train accuracy: 96.50000,test_accuracy:93.80000
2025-08-15 07:43:46,195 [clgcbm.py] => task: 0, epoch:40, train loss:-0.692493,train accuracy: 96.64000,test_accuracy:93.20000
2025-08-15 07:43:58,094 [clgcbm.py] => task: 0, epoch:50, train loss:-0.693023,train accuracy: 96.70000,test_accuracy:93.20000
2025-08-15 07:44:09,143 [clgcbm.py] => task: 0, epoch:59, train loss:-0.691911,train accuracy: 96.70000,test_accuracy:93.20000
2025-08-15 07:44:12,860 [trainer.py] => No NME accuracy.
2025-08-15 07:44:12,861 [trainer.py] => CNN: {'total': 93.8, '00-09': 93.8, 'old': 0, 'new': 93.8}
2025-08-15 07:44:12,861 [trainer.py] => CNN top1 curve: [93.8]
2025-08-15 07:44:12,861 [trainer.py] => CNN top5 curve: [100.0]

2025-08-15 07:44:12,861 [trainer.py] => Average Accuracy (CNN): 93.8
2025-08-15 07:44:12,861 [clgcbm.py] => Learning on 10-20
2025-08-15 07:44:47,703 [clgcbm.py] => task: 1, epoch:0, train loss:4.598087,train accuracy: 86.64000,test_accuracy:89.80000
2025-08-15 07:44:55,233 [clgcbm.py] => task: 1, epoch:10, train loss:0.377557,train accuracy: 94.36000,test_accuracy:89.00001
2025-08-15 07:46:09,607 [clgcbm.py] => task: 1, epoch:0, train loss:0.580674,train accuracy: 65.07659,test_accuracy:57.20000
2025-08-15 07:46:32,231 [clgcbm.py] => task: 1, epoch:10, train loss:-0.475558,train accuracy: 92.39868,test_accuracy:84.80000
2025-08-15 07:46:54,543 [clgcbm.py] => task: 1, epoch:20, train loss:-0.567748,train accuracy: 93.89179,test_accuracy:87.40000
2025-08-15 07:47:16,790 [clgcbm.py] => task: 1, epoch:30, train loss:-0.628505,train accuracy: 95.43339,test_accuracy:89.40001
2025-08-15 07:47:39,163 [clgcbm.py] => task: 1, epoch:40, train loss:-0.633798,train accuracy: 95.42369,test_accuracy:88.40001
2025-08-15 07:48:01,637 [clgcbm.py] => task: 1, epoch:50, train loss:-0.633637,train accuracy: 95.36552,test_accuracy:88.60001
2025-08-15 07:48:21,960 [clgcbm.py] => task: 1, epoch:59, train loss:-0.633947,train accuracy: 95.43339,test_accuracy:88.60001
2025-08-15 07:48:28,696 [trainer.py] => No NME accuracy.
2025-08-15 07:48:28,696 [trainer.py] => CNN: {'total': 89.1, '00-09': 88.8, '10-19': 89.4, 'old': 88.8, 'new': 89.4}
2025-08-15 07:48:28,696 [trainer.py] => CNN top1 curve: [93.8, 89.1]
2025-08-15 07:48:28,697 [trainer.py] => CNN top5 curve: [100.0, 98.9]

2025-08-15 07:48:28,697 [trainer.py] => Average Accuracy (CNN): 91.44999999999999
2025-08-15 07:48:28,697 [clgcbm.py] => Learning on 20-30
2025-08-15 07:49:03,428 [clgcbm.py] => task: 2, epoch:0, train loss:0.213039,train accuracy: 94.60000,test_accuracy:96.40000
2025-08-15 07:49:10,826 [clgcbm.py] => task: 2, epoch:10, train loss:0.006457,train accuracy: 99.82000,test_accuracy:97.60001
2025-08-15 07:49:18,038 [clgcbm.py] => task: 2, epoch:20, train loss:0.005365,train accuracy: 99.80000,test_accuracy:97.00000
2025-08-15 07:50:34,998 [clgcbm.py] => task: 2, epoch:0, train loss:0.322074,train accuracy: 73.05753,test_accuracy:67.80000
2025-08-15 07:51:08,503 [clgcbm.py] => task: 2, epoch:10, train loss:-0.537280,train accuracy: 94.75760,test_accuracy:93.00001
2025-08-15 07:51:41,670 [clgcbm.py] => task: 2, epoch:20, train loss:-0.612299,train accuracy: 96.01164,test_accuracy:93.80000
2025-08-15 07:52:14,627 [clgcbm.py] => task: 2, epoch:30, train loss:-0.673119,train accuracy: 97.32386,test_accuracy:93.20000
2025-08-15 07:52:47,534 [clgcbm.py] => task: 2, epoch:40, train loss:-0.681197,train accuracy: 97.50485,test_accuracy:93.40000
2025-08-15 07:53:20,425 [clgcbm.py] => task: 2, epoch:50, train loss:-0.682403,train accuracy: 97.51131,test_accuracy:93.40000
2025-08-15 07:53:50,774 [clgcbm.py] => task: 2, epoch:59, train loss:-0.681689,train accuracy: 97.48546,test_accuracy:93.40000
2025-08-15 07:54:00,549 [trainer.py] => No NME accuracy.
2025-08-15 07:54:00,549 [trainer.py] => CNN: {'total': 88.47, '00-09': 86.0, '10-19': 85.6, '20-29': 93.8, 'old': 85.8, 'new': 93.8}
2025-08-15 07:54:00,549 [trainer.py] => CNN top1 curve: [93.8, 89.1, 88.47]
2025-08-15 07:54:00,550 [trainer.py] => CNN top5 curve: [100.0, 98.9, 98.27]

2025-08-15 07:54:00,550 [trainer.py] => Average Accuracy (CNN): 90.45666666666666
2025-08-15 07:54:00,550 [clgcbm.py] => Learning on 30-40
2025-08-15 07:54:35,139 [clgcbm.py] => task: 3, epoch:0, train loss:0.373401,train accuracy: 87.43999,test_accuracy:91.80000
2025-08-15 07:54:42,564 [clgcbm.py] => task: 3, epoch:10, train loss:0.087483,train accuracy: 97.18000,test_accuracy:88.80001
2025-08-15 07:56:02,888 [clgcbm.py] => task: 3, epoch:0, train loss:0.190475,train accuracy: 75.00728,test_accuracy:57.00000
2025-08-15 07:56:47,481 [clgcbm.py] => task: 3, epoch:10, train loss:-0.440369,train accuracy: 92.10220,test_accuracy:82.20000
2025-08-15 07:57:32,456 [clgcbm.py] => task: 3, epoch:20, train loss:-0.516547,train accuracy: 93.59061,test_accuracy:85.00000
2025-08-15 07:58:17,170 [clgcbm.py] => task: 3, epoch:30, train loss:-0.586299,train accuracy: 95.23418,test_accuracy:87.00001
2025-08-15 07:59:02,090 [clgcbm.py] => task: 3, epoch:40, train loss:-0.595113,train accuracy: 95.49113,test_accuracy:86.80000
2025-08-15 07:59:46,699 [clgcbm.py] => task: 3, epoch:50, train loss:-0.597229,train accuracy: 95.54446,test_accuracy:86.80000
2025-08-15 08:00:27,312 [clgcbm.py] => task: 3, epoch:59, train loss:-0.597688,train accuracy: 95.56386,test_accuracy:87.00001
2025-08-15 08:00:40,210 [trainer.py] => No NME accuracy.
2025-08-15 08:00:40,210 [trainer.py] => CNN: {'total': 86.6, '00-09': 86.0, '10-19': 83.2, '20-29': 90.2, '30-39': 87.0, 'old': 86.47, 'new': 87.0}
2025-08-15 08:00:40,211 [trainer.py] => CNN top1 curve: [93.8, 89.1, 88.47, 86.6]
2025-08-15 08:00:40,211 [trainer.py] => CNN top5 curve: [100.0, 98.9, 98.27, 97.5]

2025-08-15 08:00:40,211 [trainer.py] => Average Accuracy (CNN): 89.4925
2025-08-15 08:00:40,211 [clgcbm.py] => Learning on 40-50
2025-08-15 08:01:14,949 [clgcbm.py] => task: 4, epoch:0, train loss:0.240358,train accuracy: 92.04000,test_accuracy:96.20000
2025-08-15 08:01:22,534 [clgcbm.py] => task: 4, epoch:10, train loss:0.047693,train accuracy: 98.43999,test_accuracy:95.00001
2025-08-15 08:02:45,139 [clgcbm.py] => task: 4, epoch:0, train loss:0.069444,train accuracy: 80.42433,test_accuracy:72.40000
2025-08-15 08:03:42,846 [clgcbm.py] => task: 4, epoch:10, train loss:-0.434412,train accuracy: 92.28532,test_accuracy:89.40001
2025-08-15 08:04:40,395 [clgcbm.py] => task: 4, epoch:20, train loss:-0.505966,train accuracy: 93.83678,test_accuracy:91.80000
2025-08-15 08:05:38,138 [clgcbm.py] => task: 4, epoch:30, train loss:-0.583793,train accuracy: 95.73734,test_accuracy:91.20000
2025-08-15 08:06:36,306 [clgcbm.py] => task: 4, epoch:40, train loss:-0.594860,train accuracy: 95.89249,test_accuracy:91.00000
2025-08-15 08:07:34,523 [clgcbm.py] => task: 4, epoch:50, train loss:-0.595989,train accuracy: 95.94678,test_accuracy:91.00000
2025-08-15 08:08:26,435 [clgcbm.py] => task: 4, epoch:59, train loss:-0.596271,train accuracy: 95.93515,test_accuracy:91.00000
2025-08-15 08:08:42,408 [trainer.py] => No NME accuracy.
2025-08-15 08:08:42,409 [trainer.py] => CNN: {'total': 85.16, '00-09': 82.2, '10-19': 82.4, '20-29': 89.2, '30-39': 80.2, '40-49': 91.8, 'old': 83.5, 'new': 91.8}
2025-08-15 08:08:42,409 [trainer.py] => CNN top1 curve: [93.8, 89.1, 88.47, 86.6, 85.16]
2025-08-15 08:08:42,409 [trainer.py] => CNN top5 curve: [100.0, 98.9, 98.27, 97.5, 96.96]

2025-08-15 08:08:42,409 [trainer.py] => Average Accuracy (CNN): 88.626
2025-08-15 08:08:42,409 [clgcbm.py] => Learning on 50-60
2025-08-15 08:09:17,046 [clgcbm.py] => task: 5, epoch:0, train loss:0.248266,train accuracy: 93.25999,test_accuracy:94.40001
2025-08-15 08:09:24,567 [clgcbm.py] => task: 5, epoch:10, train loss:0.065062,train accuracy: 98.20000,test_accuracy:93.80000
2025-08-15 08:10:50,055 [clgcbm.py] => task: 5, epoch:0, train loss:0.005099,train accuracy: 82.35180,test_accuracy:65.60000
2025-08-15 08:12:01,616 [clgcbm.py] => task: 5, epoch:10, train loss:-0.398947,train accuracy: 91.45065,test_accuracy:82.80000
2025-08-15 08:13:13,075 [clgcbm.py] => task: 5, epoch:20, train loss:-0.467273,train accuracy: 92.94072,test_accuracy:83.00001
2025-08-15 08:14:24,943 [clgcbm.py] => task: 5, epoch:30, train loss:-0.554063,train accuracy: 95.08372,test_accuracy:86.00000
2025-08-15 08:15:36,787 [clgcbm.py] => task: 5, epoch:40, train loss:-0.566969,train accuracy: 95.41988,test_accuracy:86.00000
2025-08-15 08:16:48,887 [clgcbm.py] => task: 5, epoch:50, train loss:-0.569543,train accuracy: 95.42634,test_accuracy:85.80000
2025-08-15 08:17:54,055 [clgcbm.py] => task: 5, epoch:59, train loss:-0.568427,train accuracy: 95.42310,test_accuracy:86.00000
2025-08-15 08:18:13,069 [trainer.py] => No NME accuracy.
2025-08-15 08:18:13,069 [trainer.py] => CNN: {'total': 84.27, '00-09': 81.4, '10-19': 82.6, '20-29': 89.2, '30-39': 80.0, '40-49': 86.4, '50-59': 86.0, 'old': 83.92, 'new': 86.0}
2025-08-15 08:18:13,069 [trainer.py] => CNN top1 curve: [93.8, 89.1, 88.47, 86.6, 85.16, 84.27]
2025-08-15 08:18:13,069 [trainer.py] => CNN top5 curve: [100.0, 98.9, 98.27, 97.5, 96.96, 96.7]

2025-08-15 08:18:13,070 [trainer.py] => Average Accuracy (CNN): 87.89999999999999
2025-08-15 08:18:13,070 [clgcbm.py] => Learning on 60-70
2025-08-15 08:18:47,708 [clgcbm.py] => task: 6, epoch:0, train loss:0.240753,train accuracy: 92.86000,test_accuracy:92.60001
2025-08-15 08:18:54,978 [clgcbm.py] => task: 6, epoch:10, train loss:0.046081,train accuracy: 98.30000,test_accuracy:93.60001
2025-08-15 08:19:02,563 [clgcbm.py] => task: 6, epoch:20, train loss:0.016766,train accuracy: 99.43999,test_accuracy:93.00001
2025-08-15 08:20:32,347 [clgcbm.py] => task: 6, epoch:0, train loss:-0.052758,train accuracy: 82.70072,test_accuracy:69.00001
2025-08-15 08:22:00,489 [clgcbm.py] => task: 6, epoch:10, train loss:-0.364926,train accuracy: 90.01773,test_accuracy:81.20000
2025-08-15 08:23:27,363 [clgcbm.py] => task: 6, epoch:20, train loss:-0.428559,train accuracy: 91.71053,test_accuracy:81.20000
2025-08-15 08:24:55,339 [clgcbm.py] => task: 6, epoch:30, train loss:-0.519991,train accuracy: 93.86601,test_accuracy:80.60001
2025-08-15 08:26:23,114 [clgcbm.py] => task: 6, epoch:40, train loss:-0.532815,train accuracy: 94.06549,test_accuracy:82.00001
2025-08-15 08:27:51,120 [clgcbm.py] => task: 6, epoch:50, train loss:-0.535528,train accuracy: 94.09320,test_accuracy:81.80000
2025-08-15 08:29:09,873 [clgcbm.py] => task: 6, epoch:59, train loss:-0.536614,train accuracy: 94.10428,test_accuracy:81.80000
2025-08-15 08:29:32,011 [trainer.py] => No NME accuracy.
2025-08-15 08:29:32,011 [trainer.py] => CNN: {'total': 82.57, '00-09': 80.2, '10-19': 80.6, '20-29': 89.8, '30-39': 76.4, '40-49': 86.6, '50-59': 82.4, '60-69': 82.0, 'old': 82.67, 'new': 82.0}
2025-08-15 08:29:32,011 [trainer.py] => CNN top1 curve: [93.8, 89.1, 88.47, 86.6, 85.16, 84.27, 82.57]
2025-08-15 08:29:32,011 [trainer.py] => CNN top5 curve: [100.0, 98.9, 98.27, 97.5, 96.96, 96.7, 96.11]

2025-08-15 08:29:32,011 [trainer.py] => Average Accuracy (CNN): 87.13857142857144
2025-08-15 08:29:32,012 [clgcbm.py] => Learning on 70-80
2025-08-15 08:30:06,742 [clgcbm.py] => task: 7, epoch:0, train loss:0.256675,train accuracy: 91.88000,test_accuracy:95.40001
2025-08-15 08:30:14,094 [clgcbm.py] => task: 7, epoch:10, train loss:0.053175,train accuracy: 98.12000,test_accuracy:95.00001
2025-08-15 08:31:46,210 [clgcbm.py] => task: 7, epoch:0, train loss:-0.095098,train accuracy: 83.75515,test_accuracy:72.60000
2025-08-15 08:33:30,106 [clgcbm.py] => task: 7, epoch:10, train loss:-0.365632,train accuracy: 90.33455,test_accuracy:82.00001
2025-08-15 08:35:13,602 [clgcbm.py] => task: 7, epoch:20, train loss:-0.421100,train accuracy: 91.74303,test_accuracy:83.20000
2025-08-15 08:36:57,853 [clgcbm.py] => task: 7, epoch:30, train loss:-0.517183,train accuracy: 93.89576,test_accuracy:86.20000
2025-08-15 08:38:42,186 [clgcbm.py] => task: 7, epoch:40, train loss:-0.531371,train accuracy: 94.20606,test_accuracy:86.00000
2025-08-15 08:40:25,642 [clgcbm.py] => task: 7, epoch:50, train loss:-0.534178,train accuracy: 94.27394,test_accuracy:86.20000
2025-08-15 08:41:58,565 [clgcbm.py] => task: 7, epoch:59, train loss:-0.533668,train accuracy: 94.22788,test_accuracy:86.20000
2025-08-15 08:42:23,820 [trainer.py] => No NME accuracy.
2025-08-15 08:42:23,820 [trainer.py] => CNN: {'total': 82.08, '00-09': 80.6, '10-19': 79.2, '20-29': 88.2, '30-39': 76.2, '40-49': 85.4, '50-59': 80.8, '60-69': 80.0, '70-79': 86.2, 'old': 81.49, 'new': 86.2}
2025-08-15 08:42:23,820 [trainer.py] => CNN top1 curve: [93.8, 89.1, 88.47, 86.6, 85.16, 84.27, 82.57, 82.08]
2025-08-15 08:42:23,820 [trainer.py] => CNN top5 curve: [100.0, 98.9, 98.27, 97.5, 96.96, 96.7, 96.11, 96.0]

2025-08-15 08:42:23,820 [trainer.py] => Average Accuracy (CNN): 86.50625000000001
2025-08-15 08:42:23,821 [clgcbm.py] => Learning on 80-90
2025-08-15 08:42:58,667 [clgcbm.py] => task: 8, epoch:0, train loss:0.193140,train accuracy: 93.98000,test_accuracy:96.40000
2025-08-15 08:43:06,416 [clgcbm.py] => task: 8, epoch:10, train loss:0.013795,train accuracy: 99.52000,test_accuracy:96.40000
2025-08-15 08:44:41,767 [clgcbm.py] => task: 8, epoch:0, train loss:-0.102566,train accuracy: 84.33459,test_accuracy:71.00000
2025-08-15 08:46:43,744 [clgcbm.py] => task: 8, epoch:10, train loss:-0.335020,train accuracy: 89.99525,test_accuracy:75.80000
2025-08-15 08:48:46,534 [clgcbm.py] => task: 8, epoch:20, train loss:-0.393371,train accuracy: 91.46483,test_accuracy:83.60001
2025-08-15 08:50:48,570 [clgcbm.py] => task: 8, epoch:30, train loss:-0.495953,train accuracy: 93.61533,test_accuracy:86.60001
2025-08-15 08:52:51,039 [clgcbm.py] => task: 8, epoch:40, train loss:-0.512751,train accuracy: 93.89330,test_accuracy:85.80000
2025-08-15 08:54:52,436 [clgcbm.py] => task: 8, epoch:50, train loss:-0.514199,train accuracy: 93.95578,test_accuracy:85.60001
2025-08-15 08:56:41,448 [clgcbm.py] => task: 8, epoch:59, train loss:-0.515014,train accuracy: 93.97086,test_accuracy:85.60001
2025-08-15 08:57:09,697 [trainer.py] => No NME accuracy.
2025-08-15 08:57:09,697 [trainer.py] => CNN: {'total': 81.24, '00-09': 79.2, '10-19': 79.0, '20-29': 86.8, '30-39': 76.2, '40-49': 84.8, '50-59': 78.8, '60-69': 77.6, '70-79': 82.2, '80-89': 86.6, 'old': 80.58, 'new': 86.6}
2025-08-15 08:57:09,697 [trainer.py] => CNN top1 curve: [93.8, 89.1, 88.47, 86.6, 85.16, 84.27, 82.57, 82.08, 81.24]
2025-08-15 08:57:09,697 [trainer.py] => CNN top5 curve: [100.0, 98.9, 98.27, 97.5, 96.96, 96.7, 96.11, 96.0, 95.51]

2025-08-15 08:57:09,697 [trainer.py] => Average Accuracy (CNN): 85.92111111111112
2025-08-15 08:57:09,698 [clgcbm.py] => Learning on 90-100
2025-08-15 08:57:44,340 [clgcbm.py] => task: 9, epoch:0, train loss:38.331734,train accuracy: 90.70000,test_accuracy:93.80000
2025-08-15 08:57:52,046 [clgcbm.py] => task: 9, epoch:10, train loss:3.393217,train accuracy: 97.22000,test_accuracy:90.20000
2025-08-15 08:59:30,776 [clgcbm.py] => task: 9, epoch:0, train loss:-0.118608,train accuracy: 85.23389,test_accuracy:70.40001
2025-08-15 09:01:52,012 [clgcbm.py] => task: 9, epoch:10, train loss:-0.328721,train accuracy: 90.22380,test_accuracy:82.00001
2025-08-15 09:04:12,242 [clgcbm.py] => task: 9, epoch:20, train loss:-0.379635,train accuracy: 91.49795,test_accuracy:84.40000
2025-08-15 09:06:32,611 [clgcbm.py] => task: 9, epoch:30, train loss:-0.486647,train accuracy: 93.75340,test_accuracy:83.00001
2025-08-15 09:08:53,171 [clgcbm.py] => task: 9, epoch:40, train loss:-0.506461,train accuracy: 94.06757,test_accuracy:83.00001
2025-08-15 09:11:14,685 [clgcbm.py] => task: 9, epoch:50, train loss:-0.509943,train accuracy: 94.13157,test_accuracy:83.00001
2025-08-15 09:13:21,157 [clgcbm.py] => task: 9, epoch:59, train loss:-0.509479,train accuracy: 94.11411,test_accuracy:83.00001
2025-08-15 09:13:52,548 [trainer.py] => No NME accuracy.
2025-08-15 09:13:52,548 [trainer.py] => CNN: {'total': 80.08, '00-09': 75.0, '10-19': 80.4, '20-29': 85.4, '30-39': 69.4, '40-49': 82.6, '50-59': 80.8, '60-69': 77.4, '70-79': 80.0, '80-89': 85.4, '90-99': 84.4, 'old': 79.6, 'new': 84.4}
2025-08-15 09:13:52,548 [trainer.py] => CNN top1 curve: [93.8, 89.1, 88.47, 86.6, 85.16, 84.27, 82.57, 82.08, 81.24, 80.08]
2025-08-15 09:13:52,548 [trainer.py] => CNN top5 curve: [100.0, 98.9, 98.27, 97.5, 96.96, 96.7, 96.11, 96.0, 95.51, 95.08]

2025-08-15 09:13:52,548 [trainer.py] => Average Accuracy (CNN): 85.33700000000002
2025-08-15 09:13:52,548 [clgcbm.py] => Learning on 100-110
2025-08-15 09:14:27,398 [clgcbm.py] => task: 10, epoch:0, train loss:0.275080,train accuracy: 95.16000,test_accuracy:97.20000
2025-08-15 09:14:35,135 [clgcbm.py] => task: 10, epoch:10, train loss:0.041791,train accuracy: 98.98000,test_accuracy:94.80001
2025-08-15 09:16:18,003 [clgcbm.py] => task: 10, epoch:0, train loss:-0.134074,train accuracy: 86.23766,test_accuracy:76.60001
2025-08-15 09:18:59,662 [clgcbm.py] => task: 10, epoch:10, train loss:-0.313378,train accuracy: 90.08110,test_accuracy:84.40000
2025-08-15 09:21:39,231 [clgcbm.py] => task: 10, epoch:20, train loss:-0.366794,train accuracy: 91.44923,test_accuracy:87.40000
2025-08-15 09:24:20,608 [clgcbm.py] => task: 10, epoch:30, train loss:-0.479470,train accuracy: 93.63364,test_accuracy:87.20000
2025-08-15 09:27:01,267 [clgcbm.py] => task: 10, epoch:40, train loss:-0.500071,train accuracy: 93.89457,test_accuracy:87.00001
2025-08-15 09:29:42,512 [clgcbm.py] => task: 10, epoch:50, train loss:-0.502895,train accuracy: 93.89104,test_accuracy:87.00001
2025-08-15 09:32:06,968 [clgcbm.py] => task: 10, epoch:59, train loss:-0.504670,train accuracy: 93.95804,test_accuracy:87.00001
2025-08-15 09:32:41,421 [trainer.py] => No NME accuracy.
2025-08-15 09:32:41,421 [trainer.py] => CNN: {'total': 79.64, '00-09': 77.0, '10-19': 74.4, '20-29': 87.8, '30-39': 70.0, '40-49': 82.6, '50-59': 76.2, '60-69': 80.4, '70-79': 79.2, '80-89': 82.4, '90-99': 78.6, '100-109': 87.4, 'old': 78.86, 'new': 87.4}
2025-08-15 09:32:41,421 [trainer.py] => CNN top1 curve: [93.8, 89.1, 88.47, 86.6, 85.16, 84.27, 82.57, 82.08, 81.24, 80.08, 79.64]
2025-08-15 09:32:41,421 [trainer.py] => CNN top5 curve: [100.0, 98.9, 98.27, 97.5, 96.96, 96.7, 96.11, 96.0, 95.51, 95.08, 94.85]

2025-08-15 09:32:41,421 [trainer.py] => Average Accuracy (CNN): 84.81909090909092
2025-08-15 09:32:41,421 [clgcbm.py] => Learning on 110-120
2025-08-15 09:33:16,263 [clgcbm.py] => task: 11, epoch:0, train loss:0.240646,train accuracy: 92.70000,test_accuracy:94.40001
2025-08-15 09:33:23,629 [clgcbm.py] => task: 11, epoch:10, train loss:0.043067,train accuracy: 98.46000,test_accuracy:92.60001
2025-08-15 09:35:08,853 [clgcbm.py] => task: 11, epoch:0, train loss:-0.108922,train accuracy: 85.86205,test_accuracy:71.00000
2025-08-15 09:38:10,430 [clgcbm.py] => task: 11, epoch:10, train loss:-0.270475,train accuracy: 89.63895,test_accuracy:71.80000
2025-08-15 09:41:11,135 [clgcbm.py] => task: 11, epoch:20, train loss:-0.321171,train accuracy: 90.84782,test_accuracy:82.20000
2025-08-15 09:44:12,187 [clgcbm.py] => task: 11, epoch:30, train loss:-0.446169,train accuracy: 92.93426,test_accuracy:81.80000
2025-08-15 09:47:13,198 [clgcbm.py] => task: 11, epoch:40, train loss:-0.468006,train accuracy: 93.16051,test_accuracy:81.20000
2025-08-15 09:50:14,506 [clgcbm.py] => task: 11, epoch:50, train loss:-0.471292,train accuracy: 93.22516,test_accuracy:80.80000
2025-08-15 09:52:58,607 [clgcbm.py] => task: 11, epoch:59, train loss:-0.472024,train accuracy: 93.21062,test_accuracy:81.00001
2025-08-15 09:53:36,181 [trainer.py] => No NME accuracy.
2025-08-15 09:53:36,181 [trainer.py] => CNN: {'total': 79.43, '00-09': 78.0, '10-19': 78.8, '20-29': 85.2, '30-39': 72.8, '40-49': 80.2, '50-59': 76.8, '60-69': 76.8, '70-79': 79.0, '80-89': 81.4, '90-99': 79.4, '100-109': 82.6, '110-119': 82.2, 'old': 79.18, 'new': 82.2}
2025-08-15 09:53:36,181 [trainer.py] => CNN top1 curve: [93.8, 89.1, 88.47, 86.6, 85.16, 84.27, 82.57, 82.08, 81.24, 80.08, 79.64, 79.43]
2025-08-15 09:53:36,181 [trainer.py] => CNN top5 curve: [100.0, 98.9, 98.27, 97.5, 96.96, 96.7, 96.11, 96.0, 95.51, 95.08, 94.85, 94.73]

2025-08-15 09:53:36,181 [trainer.py] => Average Accuracy (CNN): 84.37
2025-08-15 09:53:36,182 [clgcbm.py] => Learning on 120-130
2025-08-15 09:54:10,873 [clgcbm.py] => task: 12, epoch:0, train loss:610.730285,train accuracy: 88.68000,test_accuracy:94.60001
2025-08-15 09:54:18,301 [clgcbm.py] => task: 12, epoch:10, train loss:284.047458,train accuracy: 97.98000,test_accuracy:96.00000
2025-08-15 09:54:25,623 [clgcbm.py] => task: 12, epoch:20, train loss:47.568034,train accuracy: 98.96000,test_accuracy:96.40000
2025-08-15 09:54:33,015 [clgcbm.py] => task: 12, epoch:30, train loss:26.348546,train accuracy: 99.02000,test_accuracy:96.40000
2025-08-15 09:56:22,166 [clgcbm.py] => task: 12, epoch:0, train loss:-0.086146,train accuracy: 85.80678,test_accuracy:66.60000
2025-08-15 09:59:46,508 [clgcbm.py] => task: 12, epoch:10, train loss:-0.240979,train accuracy: 89.36926,test_accuracy:80.00000
2025-08-15 10:03:11,033 [clgcbm.py] => task: 12, epoch:20, train loss:-0.292421,train accuracy: 90.61642,test_accuracy:80.60001
2025-08-15 10:06:35,396 [clgcbm.py] => task: 12, epoch:30, train loss:-0.424828,train accuracy: 92.81686,test_accuracy:83.20000
2025-08-15 10:10:00,280 [clgcbm.py] => task: 12, epoch:40, train loss:-0.448682,train accuracy: 92.98991,test_accuracy:83.00001
2025-08-15 10:13:23,087 [clgcbm.py] => task: 12, epoch:50, train loss:-0.451935,train accuracy: 93.09435,test_accuracy:83.20000
2025-08-15 10:16:27,453 [clgcbm.py] => task: 12, epoch:59, train loss:-0.452482,train accuracy: 93.07942,test_accuracy:83.20000
2025-08-15 10:17:08,087 [trainer.py] => No NME accuracy.
2025-08-15 10:17:08,087 [trainer.py] => CNN: {'total': 79.46, '00-09': 74.6, '10-19': 77.6, '20-29': 87.0, '30-39': 74.0, '40-49': 81.4, '50-59': 74.8, '60-69': 78.6, '70-79': 78.0, '80-89': 81.0, '90-99': 80.4, '100-109': 83.0, '110-119': 79.4, '120-129': 83.2, 'old': 79.15, 'new': 83.2}
2025-08-15 10:17:08,087 [trainer.py] => CNN top1 curve: [93.8, 89.1, 88.47, 86.6, 85.16, 84.27, 82.57, 82.08, 81.24, 80.08, 79.64, 79.43, 79.46]
2025-08-15 10:17:08,087 [trainer.py] => CNN top5 curve: [100.0, 98.9, 98.27, 97.5, 96.96, 96.7, 96.11, 96.0, 95.51, 95.08, 94.85, 94.73, 94.57]

2025-08-15 10:17:08,087 [trainer.py] => Average Accuracy (CNN): 83.9923076923077
2025-08-15 10:17:08,088 [clgcbm.py] => Learning on 130-140
2025-08-15 10:17:43,103 [clgcbm.py] => task: 13, epoch:0, train loss:0.247033,train accuracy: 94.48000,test_accuracy:97.00000
2025-08-15 10:17:50,428 [clgcbm.py] => task: 13, epoch:10, train loss:0.005125,train accuracy: 99.86000,test_accuracy:97.40000
2025-08-15 10:17:57,960 [clgcbm.py] => task: 13, epoch:20, train loss:0.006088,train accuracy: 100.00000,test_accuracy:97.40000
2025-08-15 10:19:51,407 [clgcbm.py] => task: 13, epoch:0, train loss:-0.104532,train accuracy: 86.79836,test_accuracy:82.40001
2025-08-15 10:23:39,348 [clgcbm.py] => task: 13, epoch:10, train loss:-0.242939,train accuracy: 89.73375,test_accuracy:87.40000
2025-08-15 10:27:27,933 [clgcbm.py] => task: 13, epoch:20, train loss:-0.291907,train accuracy: 91.02205,test_accuracy:90.00000
2025-08-15 10:31:16,010 [clgcbm.py] => task: 13, epoch:30, train loss:-0.430981,train accuracy: 93.00853,test_accuracy:90.20000
2025-08-15 10:35:06,401 [clgcbm.py] => task: 13, epoch:40, train loss:-0.457417,train accuracy: 93.24126,test_accuracy:90.40000
2025-08-15 10:38:53,251 [clgcbm.py] => task: 13, epoch:50, train loss:-0.461755,train accuracy: 93.22740,test_accuracy:90.40000
2025-08-15 10:42:23,486 [clgcbm.py] => task: 13, epoch:59, train loss:-0.460902,train accuracy: 93.19554,test_accuracy:90.40000
2025-08-15 10:43:07,318 [trainer.py] => No NME accuracy.
2025-08-15 10:43:07,319 [trainer.py] => CNN: {'total': 79.83, '00-09': 74.4, '10-19': 78.2, '20-29': 84.2, '30-39': 72.4, '40-49': 81.4, '50-59': 75.8, '60-69': 77.2, '70-79': 77.6, '80-89': 80.4, '90-99': 80.8, '100-109': 83.8, '110-119': 79.0, '120-129': 82.0, '130-139': 90.4, 'old': 79.02, 'new': 90.4}
2025-08-15 10:43:07,319 [trainer.py] => CNN top1 curve: [93.8, 89.1, 88.47, 86.6, 85.16, 84.27, 82.57, 82.08, 81.24, 80.08, 79.64, 79.43, 79.46, 79.83]
2025-08-15 10:43:07,319 [trainer.py] => CNN top5 curve: [100.0, 98.9, 98.27, 97.5, 96.96, 96.7, 96.11, 96.0, 95.51, 95.08, 94.85, 94.73, 94.57, 94.66]

2025-08-15 10:43:07,319 [trainer.py] => Average Accuracy (CNN): 83.69500000000001
2025-08-15 10:43:07,320 [clgcbm.py] => Learning on 140-150
2025-08-15 10:43:42,269 [clgcbm.py] => task: 14, epoch:0, train loss:0.256891,train accuracy: 92.00000,test_accuracy:95.20000
2025-08-15 10:43:50,199 [clgcbm.py] => task: 14, epoch:10, train loss:0.040220,train accuracy: 98.56000,test_accuracy:94.40001
2025-08-15 10:45:51,972 [clgcbm.py] => task: 14, epoch:0, train loss:-0.100662,train accuracy: 86.69580,test_accuracy:73.60001
2025-08-15 10:50:14,682 [clgcbm.py] => task: 14, epoch:10, train loss:-0.224715,train accuracy: 89.56609,test_accuracy:80.60001
2025-08-15 10:54:34,266 [clgcbm.py] => task: 14, epoch:20, train loss:-0.269997,train accuracy: 90.56036,test_accuracy:79.60001
2025-08-15 10:58:54,018 [clgcbm.py] => task: 14, epoch:30, train loss:-0.414857,train accuracy: 92.62904,test_accuracy:82.00001
2025-08-15 11:03:12,291 [clgcbm.py] => task: 14, epoch:40, train loss:-0.444089,train accuracy: 92.83331,test_accuracy:82.00001
2025-08-15 11:07:30,369 [clgcbm.py] => task: 14, epoch:50, train loss:-0.447602,train accuracy: 92.86564,test_accuracy:81.80000
2025-08-15 11:11:21,033 [clgcbm.py] => task: 14, epoch:59, train loss:-0.448463,train accuracy: 92.85659,test_accuracy:81.80000
2025-08-15 11:12:07,977 [trainer.py] => No NME accuracy.
2025-08-15 11:12:07,978 [trainer.py] => CNN: {'total': 79.53, '00-09': 73.8, '10-19': 75.6, '20-29': 84.8, '30-39': 73.2, '40-49': 81.2, '50-59': 74.4, '60-69': 75.4, '70-79': 78.2, '80-89': 81.2, '90-99': 79.2, '100-109': 84.0, '110-119': 78.2, '120-129': 82.8, '130-139': 89.0, '140-149': 82.0, 'old': 79.36, 'new': 82.0}
2025-08-15 11:12:07,978 [trainer.py] => CNN top1 curve: [93.8, 89.1, 88.47, 86.6, 85.16, 84.27, 82.57, 82.08, 81.24, 80.08, 79.64, 79.43, 79.46, 79.83, 79.53]
2025-08-15 11:12:07,978 [trainer.py] => CNN top5 curve: [100.0, 98.9, 98.27, 97.5, 96.96, 96.7, 96.11, 96.0, 95.51, 95.08, 94.85, 94.73, 94.57, 94.66, 94.44]

2025-08-15 11:12:07,978 [trainer.py] => Average Accuracy (CNN): 83.41733333333333
2025-08-15 11:12:07,978 [clgcbm.py] => Learning on 150-160
2025-08-15 11:12:43,126 [clgcbm.py] => task: 15, epoch:0, train loss:0.228862,train accuracy: 92.48000,test_accuracy:94.20000
2025-08-15 11:12:50,742 [clgcbm.py] => task: 15, epoch:10, train loss:0.036335,train accuracy: 98.98000,test_accuracy:96.80000
2025-08-15 11:12:58,306 [clgcbm.py] => task: 15, epoch:20, train loss:0.008671,train accuracy: 99.75999,test_accuracy:95.20000
2025-08-15 11:15:00,233 [clgcbm.py] => task: 15, epoch:0, train loss:-0.067509,train accuracy: 86.50909,test_accuracy:67.40000
2025-08-15 11:19:48,048 [clgcbm.py] => task: 15, epoch:10, train loss:-0.183447,train accuracy: 89.00000,test_accuracy:74.60001
2025-08-15 11:24:36,470 [clgcbm.py] => task: 15, epoch:20, train loss:-0.227757,train accuracy: 90.13454,test_accuracy:73.80000
2025-08-15 11:29:26,346 [clgcbm.py] => task: 15, epoch:30, train loss:-0.384368,train accuracy: 92.02909,test_accuracy:76.20000
2025-08-15 11:34:15,990 [clgcbm.py] => task: 15, epoch:40, train loss:-0.415464,train accuracy: 92.18061,test_accuracy:75.80000
2025-08-15 11:39:05,245 [clgcbm.py] => task: 15, epoch:50, train loss:-0.419763,train accuracy: 92.20849,test_accuracy:75.80000
2025-08-15 11:43:16,572 [clgcbm.py] => task: 15, epoch:59, train loss:-0.421137,train accuracy: 92.20970,test_accuracy:75.80000
2025-08-15 11:44:06,631 [trainer.py] => No NME accuracy.
2025-08-15 11:44:06,631 [trainer.py] => CNN: {'total': 79.03, '00-09': 74.0, '10-19': 76.4, '20-29': 83.4, '30-39': 72.6, '40-49': 80.8, '50-59': 74.8, '60-69': 74.8, '70-79': 79.4, '80-89': 79.8, '90-99': 78.6, '100-109': 84.2, '110-119': 78.6, '120-129': 81.8, '130-139': 89.2, '140-149': 79.8, '150-159': 76.2, 'old': 79.21, 'new': 76.2}
2025-08-15 11:44:06,631 [trainer.py] => CNN top1 curve: [93.8, 89.1, 88.47, 86.6, 85.16, 84.27, 82.57, 82.08, 81.24, 80.08, 79.64, 79.43, 79.46, 79.83, 79.53, 79.03]
2025-08-15 11:44:06,631 [trainer.py] => CNN top5 curve: [100.0, 98.9, 98.27, 97.5, 96.96, 96.7, 96.11, 96.0, 95.51, 95.08, 94.85, 94.73, 94.57, 94.66, 94.44, 94.25]

2025-08-15 11:44:06,632 [trainer.py] => Average Accuracy (CNN): 83.143125
2025-08-15 11:44:06,632 [clgcbm.py] => Learning on 160-170
2025-08-15 11:44:41,766 [clgcbm.py] => task: 16, epoch:0, train loss:0.247078,train accuracy: 91.80000,test_accuracy:94.20000
2025-08-15 11:44:49,965 [clgcbm.py] => task: 16, epoch:10, train loss:0.049106,train accuracy: 98.10000,test_accuracy:93.60001
2025-08-15 11:46:58,175 [clgcbm.py] => task: 16, epoch:0, train loss:-0.051379,train accuracy: 86.39828,test_accuracy:74.60001
2025-08-15 11:52:14,701 [clgcbm.py] => task: 16, epoch:10, train loss:-0.156197,train accuracy: 88.68102,test_accuracy:75.60001
2025-08-15 11:57:28,221 [clgcbm.py] => task: 16, epoch:20, train loss:-0.197496,train accuracy: 89.62673,test_accuracy:75.40000
2025-08-15 12:02:43,271 [clgcbm.py] => task: 16, epoch:30, train loss:-0.367465,train accuracy: 91.58092,test_accuracy:77.60001
2025-08-15 12:07:57,931 [clgcbm.py] => task: 16, epoch:40, train loss:-0.401805,train accuracy: 91.84786,test_accuracy:78.80000
2025-08-15 12:13:11,080 [clgcbm.py] => task: 16, epoch:50, train loss:-0.405997,train accuracy: 91.80109,test_accuracy:78.60000
2025-08-15 12:17:47,506 [clgcbm.py] => task: 16, epoch:59, train loss:-0.406200,train accuracy: 91.82162,test_accuracy:78.60000
2025-08-15 12:18:40,508 [trainer.py] => No NME accuracy.
2025-08-15 12:18:40,508 [trainer.py] => CNN: {'total': 78.68, '00-09': 73.6, '10-19': 76.0, '20-29': 84.2, '30-39': 72.0, '40-49': 79.2, '50-59': 74.0, '60-69': 75.2, '70-79': 77.0, '80-89': 80.0, '90-99': 79.2, '100-109': 82.0, '110-119': 79.4, '120-129': 82.8, '130-139': 87.8, '140-149': 80.4, '150-159': 76.0, '160-169': 78.8, 'old': 78.68, 'new': 78.8}
2025-08-15 12:18:40,508 [trainer.py] => CNN top1 curve: [93.8, 89.1, 88.47, 86.6, 85.16, 84.27, 82.57, 82.08, 81.24, 80.08, 79.64, 79.43, 79.46, 79.83, 79.53, 79.03, 78.68]
2025-08-15 12:18:40,508 [trainer.py] => CNN top5 curve: [100.0, 98.9, 98.27, 97.5, 96.96, 96.7, 96.11, 96.0, 95.51, 95.08, 94.85, 94.73, 94.57, 94.66, 94.44, 94.25, 94.02]

2025-08-15 12:18:40,508 [trainer.py] => Average Accuracy (CNN): 82.88058823529411
2025-08-15 12:18:40,509 [clgcbm.py] => Learning on 170-180
2025-08-15 12:19:15,435 [clgcbm.py] => task: 17, epoch:0, train loss:1.092010,train accuracy: 90.89999,test_accuracy:94.40001
2025-08-15 12:19:22,750 [clgcbm.py] => task: 17, epoch:10, train loss:0.061167,train accuracy: 98.25999,test_accuracy:94.00001
2025-08-15 12:21:34,033 [clgcbm.py] => task: 17, epoch:0, train loss:-0.016588,train accuracy: 85.80063,test_accuracy:65.60000
2025-08-15 12:27:05,936 [clgcbm.py] => task: 17, epoch:10, train loss:-0.112875,train accuracy: 87.97164,test_accuracy:69.60001
2025-08-15 12:32:41,824 [clgcbm.py] => task: 17, epoch:20, train loss:-0.149954,train accuracy: 89.00489,test_accuracy:73.00000
2025-08-15 12:38:13,871 [clgcbm.py] => task: 17, epoch:30, train loss:-0.332413,train accuracy: 90.88715,test_accuracy:75.60001
2025-08-15 12:43:48,241 [clgcbm.py] => task: 17, epoch:40, train loss:-0.372152,train accuracy: 91.15112,test_accuracy:75.80000
2025-08-15 12:49:23,184 [clgcbm.py] => task: 17, epoch:50, train loss:-0.376578,train accuracy: 91.14358,test_accuracy:75.40000
2025-08-15 12:54:24,022 [clgcbm.py] => task: 17, epoch:59, train loss:-0.377077,train accuracy: 91.13711,test_accuracy:75.40000
2025-08-15 12:55:20,312 [trainer.py] => No NME accuracy.
2025-08-15 12:55:20,313 [trainer.py] => CNN: {'total': 77.84, '00-09': 72.6, '10-19': 76.0, '20-29': 82.8, '30-39': 73.0, '40-49': 78.2, '50-59': 74.4, '60-69': 74.4, '70-79': 76.8, '80-89': 79.0, '90-99': 78.2, '100-109': 79.8, '110-119': 79.8, '120-129': 82.4, '130-139': 87.2, '140-149': 79.0, '150-159': 75.6, '160-169': 76.2, '170-179': 75.8, 'old': 77.96, 'new': 75.8}
2025-08-15 12:55:20,313 [trainer.py] => CNN top1 curve: [93.8, 89.1, 88.47, 86.6, 85.16, 84.27, 82.57, 82.08, 81.24, 80.08, 79.64, 79.43, 79.46, 79.83, 79.53, 79.03, 78.68, 77.84]
2025-08-15 12:55:20,313 [trainer.py] => CNN top5 curve: [100.0, 98.9, 98.27, 97.5, 96.96, 96.7, 96.11, 96.0, 95.51, 95.08, 94.85, 94.73, 94.57, 94.66, 94.44, 94.25, 94.02, 93.63]

2025-08-15 12:55:20,313 [trainer.py] => Average Accuracy (CNN): 82.60055555555556
2025-08-15 12:55:20,313 [clgcbm.py] => Learning on 180-190
2025-08-15 12:55:55,241 [clgcbm.py] => task: 18, epoch:0, train loss:0.207214,train accuracy: 93.04000,test_accuracy:94.80001
2025-08-15 12:56:02,704 [clgcbm.py] => task: 18, epoch:10, train loss:0.046568,train accuracy: 98.43999,test_accuracy:95.20000
2025-08-15 12:56:10,083 [clgcbm.py] => task: 18, epoch:20, train loss:0.018050,train accuracy: 99.32000,test_accuracy:95.40001
2025-08-15 12:56:17,629 [clgcbm.py] => task: 18, epoch:30, train loss:0.000683,train accuracy: 99.96000,test_accuracy:95.20000
2025-08-15 12:58:32,987 [clgcbm.py] => task: 18, epoch:0, train loss:0.021323,train accuracy: 85.41084,test_accuracy:66.00000
2025-08-15 13:04:38,389 [clgcbm.py] => task: 18, epoch:10, train loss:-0.070316,train accuracy: 87.33898,test_accuracy:75.80000
2025-08-15 13:10:45,007 [clgcbm.py] => task: 18, epoch:20, train loss:-0.107797,train accuracy: 88.18720,test_accuracy:71.00000
2025-08-15 13:16:50,674 [clgcbm.py] => task: 18, epoch:30, train loss:-0.302394,train accuracy: 90.28478,test_accuracy:72.80000
2025-08-15 13:22:56,024 [clgcbm.py] => task: 18, epoch:40, train loss:-0.345453,train accuracy: 90.48791,test_accuracy:73.20000
2025-08-15 13:29:03,767 [clgcbm.py] => task: 18, epoch:50, train loss:-0.351707,train accuracy: 90.49301,test_accuracy:73.00000
2025-08-15 13:34:33,106 [clgcbm.py] => task: 18, epoch:59, train loss:-0.352822,train accuracy: 90.49811,test_accuracy:72.80000
2025-08-15 13:35:32,370 [trainer.py] => No NME accuracy.
2025-08-15 13:35:32,370 [trainer.py] => CNN: {'total': 76.44, '00-09': 72.0, '10-19': 76.6, '20-29': 82.2, '30-39': 69.6, '40-49': 75.6, '50-59': 74.0, '60-69': 70.6, '70-79': 76.6, '80-89': 78.2, '90-99': 75.0, '100-109': 79.6, '110-119': 77.6, '120-129': 79.2, '130-139': 84.8, '140-149': 75.8, '150-159': 77.6, '160-169': 76.2, '170-179': 75.4, '180-189': 75.8, 'old': 76.48, 'new': 75.8}
2025-08-15 13:35:32,370 [trainer.py] => CNN top1 curve: [93.8, 89.1, 88.47, 86.6, 85.16, 84.27, 82.57, 82.08, 81.24, 80.08, 79.64, 79.43, 79.46, 79.83, 79.53, 79.03, 78.68, 77.84, 76.44]
2025-08-15 13:35:32,370 [trainer.py] => CNN top5 curve: [100.0, 98.9, 98.27, 97.5, 96.96, 96.7, 96.11, 96.0, 95.51, 95.08, 94.85, 94.73, 94.57, 94.66, 94.44, 94.25, 94.02, 93.63, 93.32]

2025-08-15 13:35:32,370 [trainer.py] => Average Accuracy (CNN): 82.27631578947368
2025-08-15 13:35:32,371 [clgcbm.py] => Learning on 190-200
2025-08-15 13:36:07,313 [clgcbm.py] => task: 19, epoch:0, train loss:0.216467,train accuracy: 93.54000,test_accuracy:93.80000
2025-08-15 13:36:14,882 [clgcbm.py] => task: 19, epoch:10, train loss:0.018212,train accuracy: 99.52000,test_accuracy:95.40001
2025-08-15 13:36:22,221 [clgcbm.py] => task: 19, epoch:20, train loss:0.001888,train accuracy: 99.92000,test_accuracy:95.00001
2025-08-15 13:38:41,398 [clgcbm.py] => task: 19, epoch:0, train loss:0.064158,train accuracy: 84.94173,test_accuracy:61.80000
2025-08-15 13:45:15,392 [clgcbm.py] => task: 19, epoch:10, train loss:-0.024885,train accuracy: 86.75504,test_accuracy:71.80000
2025-08-15 13:51:52,174 [clgcbm.py] => task: 19, epoch:20, train loss:-0.062955,train accuracy: 87.64716,test_accuracy:69.60001
2025-08-15 13:58:28,788 [clgcbm.py] => task: 19, epoch:30, train loss:-0.270618,train accuracy: 89.64277,test_accuracy:72.20000
2025-08-15 14:05:05,867 [clgcbm.py] => task: 19, epoch:40, train loss:-0.317412,train accuracy: 89.87840,test_accuracy:72.80000
2025-08-15 14:11:40,497 [clgcbm.py] => task: 19, epoch:50, train loss:-0.322954,train accuracy: 89.92689,test_accuracy:72.60000
2025-08-15 14:17:36,800 [clgcbm.py] => task: 19, epoch:59, train loss:-0.323783,train accuracy: 89.92301,test_accuracy:72.40000
2025-08-15 14:18:39,255 [trainer.py] => No NME accuracy.
2025-08-15 14:18:39,256 [trainer.py] => CNN: {'total': 76.43, '00-09': 72.8, '10-19': 76.0, '20-29': 81.4, '30-39': 69.6, '40-49': 76.4, '50-59': 71.4, '60-69': 74.2, '70-79': 75.4, '80-89': 78.6, '90-99': 76.0, '100-109': 79.2, '110-119': 77.4, '120-129': 82.4, '130-139': 87.4, '140-149': 78.0, '150-159': 76.4, '160-169': 77.6, '170-179': 75.4, '180-189': 70.2, '190-199': 72.8, 'old': 76.62, 'new': 72.8}
2025-08-15 14:18:39,256 [trainer.py] => CNN top1 curve: [93.8, 89.1, 88.47, 86.6, 85.16, 84.27, 82.57, 82.08, 81.24, 80.08, 79.64, 79.43, 79.46, 79.83, 79.53, 79.03, 78.68, 77.84, 76.44, 76.43]
2025-08-15 14:18:39,256 [trainer.py] => CNN top5 curve: [100.0, 98.9, 98.27, 97.5, 96.96, 96.7, 96.11, 96.0, 95.51, 95.08, 94.85, 94.73, 94.57, 94.66, 94.44, 94.25, 94.02, 93.63, 93.32, 93.23]

2025-08-15 14:18:39,256 [trainer.py] => Average Accuracy (CNN): 81.98400000000001
