2025-08-29 20:38:56,651 [trainer.py] => config: /kaggle/MyCBM/exps/10,10_tiny.json
2025-08-29 20:38:56,651 [trainer.py] => dataset: tinyimagenet
2025-08-29 20:38:56,651 [trainer.py] => shuffle: True
2025-08-29 20:38:56,651 [trainer.py] => init_cls: 10
2025-08-29 20:38:56,651 [trainer.py] => increment: 10
2025-08-29 20:38:56,651 [trainer.py] => device: [device(type='cuda', index=0)]
2025-08-29 20:38:56,651 [trainer.py] => sim: 1
2025-08-29 20:38:56,651 [trainer.py] => epochs: 31
2025-08-29 20:38:56,652 [trainer.py] => lr: 0.01
2025-08-29 20:38:56,652 [trainer.py] => FB_epoch: 60
2025-08-29 20:38:56,652 [trainer.py] => FB_epoch_inc: 60
2025-08-29 20:38:56,652 [trainer.py] => FB_lr_init: 0.001
2025-08-29 20:38:56,652 [trainer.py] => FB_lr_inc: 0.001
2025-08-29 20:38:56,652 [trainer.py] => pool: 10
2025-08-29 20:38:56,652 [trainer.py] => sg_num: 1
2025-08-29 20:38:56,652 [trainer.py] => milestones: [30, 40, 50]
2025-08-29 20:38:56,652 [trainer.py] => prefix: continual-CLIP
2025-08-29 20:38:56,652 [trainer.py] => model_name: playground
2025-08-29 20:38:56,652 [trainer.py] => model_size: ViT-B/16
2025-08-29 20:38:56,652 [trainer.py] => convnet_type: none
2025-08-29 20:38:56,652 [trainer.py] => seed: 1993
2025-08-29 20:38:56,652 [trainer.py] => batch_size: 64
2025-08-29 20:38:56,652 [trainer.py] => num_workers: 4
2025-08-29 20:38:56,652 [trainer.py] => model_type: clip
2025-08-29 20:38:56,652 [trainer.py] => division_power: 5
2025-08-29 20:38:56,653 [trainer.py] => linear_model: ['linear', 'bn', 'linear']
2025-08-29 20:38:56,653 [trainer.py] => score_model: ['bn', 'linear']
2025-08-29 20:38:56,653 [trainer.py] => regularizer: mahalanobis
2025-08-29 20:38:56,653 [trainer.py] => print_freq: 10
2025-08-29 20:38:56,653 [trainer.py] => memory_size: 0
2025-08-29 20:38:56,653 [trainer.py] => repeat: False
2025-08-29 20:39:11,808 [data_manager.py] => [168, 136, 51, 9, 183, 101, 171, 99, 42, 159, 191, 70, 16, 188, 27, 10, 175, 26, 68, 187, 98, 6, 85, 35, 112, 43, 100, 0, 103, 181, 88, 59, 4, 2, 116, 174, 94, 80, 106, 1, 147, 17, 141, 131, 72, 23, 173, 54, 197, 118, 87, 32, 79, 104, 91, 19, 135, 107, 178, 36, 11, 199, 142, 8, 122, 3, 28, 57, 153, 172, 190, 56, 49, 44, 97, 62, 151, 169, 194, 55, 192, 12, 189, 78, 66, 180, 15, 137, 109, 134, 92, 119, 126, 52, 170, 40, 148, 65, 144, 64, 138, 45, 77, 89, 154, 90, 71, 193, 74, 30, 113, 143, 96, 84, 67, 50, 186, 156, 69, 21, 18, 111, 108, 58, 125, 157, 150, 110, 182, 129, 166, 83, 81, 60, 13, 165, 14, 176, 63, 117, 5, 22, 145, 121, 38, 41, 82, 127, 114, 20, 31, 53, 37, 163, 196, 130, 152, 162, 86, 76, 24, 34, 184, 149, 33, 128, 198, 155, 146, 167, 139, 120, 140, 102, 47, 25, 158, 123, 46, 164, 61, 7, 115, 75, 133, 160, 105, 132, 179, 124, 48, 73, 93, 39, 95, 195, 29, 177, 185, 161]
2025-08-29 20:39:12,272 [trainer.py] => All params: 149620737
2025-08-29 20:39:12,273 [trainer.py] => Trainable params: 0
2025-08-29 20:39:12,273 [clgcbm.py] => Learning on 0-10
2025-08-29 20:39:47,883 [clgcbm.py] => task: 0, epoch:0, train loss:0.343344,train accuracy: 89.62000,test_accuracy:92.60001
2025-08-29 20:39:56,578 [clgcbm.py] => task: 0, epoch:10, train loss:0.058668,train accuracy: 98.20000,test_accuracy:90.40000
2025-08-29 20:41:43,319 [clgcbm.py] => task: 0, epoch:0, train loss:1.440872,train accuracy: 16.42000,test_accuracy:14.40000
2025-08-29 20:41:55,880 [clgcbm.py] => task: 0, epoch:10, train loss:-0.522268,train accuracy: 93.34000,test_accuracy:91.60001
2025-08-29 20:42:08,688 [clgcbm.py] => task: 0, epoch:20, train loss:-0.639685,train accuracy: 95.72000,test_accuracy:92.80000
2025-08-29 20:42:21,522 [clgcbm.py] => task: 0, epoch:30, train loss:-0.689791,train accuracy: 96.16000,test_accuracy:93.20000
2025-08-29 20:42:34,389 [clgcbm.py] => task: 0, epoch:40, train loss:-0.697125,train accuracy: 96.64000,test_accuracy:93.40000
2025-08-29 20:42:47,482 [clgcbm.py] => task: 0, epoch:50, train loss:-0.697491,train accuracy: 96.62000,test_accuracy:93.20000
2025-08-29 20:42:59,414 [clgcbm.py] => task: 0, epoch:59, train loss:-0.696183,train accuracy: 96.62000,test_accuracy:93.20000
2025-08-29 20:43:03,211 [trainer.py] => No NME accuracy.
2025-08-29 20:43:03,211 [trainer.py] => CNN: {'total': 93.4, '00-09': 93.4, 'old': 0, 'new': 93.4}
2025-08-29 20:43:03,211 [trainer.py] => CNN top1 curve: [93.4]
2025-08-29 20:43:03,211 [trainer.py] => CNN top5 curve: [100.0]

2025-08-29 20:43:03,211 [trainer.py] => Average Accuracy (CNN): 93.4
2025-08-29 20:43:03,212 [trainer.py] => All params: 149672937
2025-08-29 20:43:03,213 [trainer.py] => Trainable params: 52200
2025-08-29 20:43:03,214 [clgcbm.py] => Learning on 10-20
2025-08-29 20:43:37,749 [clgcbm.py] => task: 1, epoch:0, train loss:4.383050,train accuracy: 86.07999,test_accuracy:89.00001
2025-08-29 20:43:45,961 [clgcbm.py] => task: 1, epoch:10, train loss:0.204742,train accuracy: 94.70000,test_accuracy:89.00001
2025-08-29 20:45:37,009 [clgcbm.py] => task: 1, epoch:0, train loss:0.551940,train accuracy: 65.11537,test_accuracy:57.60000
2025-08-29 20:46:00,476 [clgcbm.py] => task: 1, epoch:10, train loss:-0.484631,train accuracy: 92.29203,test_accuracy:85.80000
2025-08-29 20:46:24,206 [clgcbm.py] => task: 1, epoch:20, train loss:-0.569694,train accuracy: 93.72697,test_accuracy:88.00001
2025-08-29 20:46:47,566 [clgcbm.py] => task: 1, epoch:30, train loss:-0.627177,train accuracy: 94.91953,test_accuracy:87.40000
2025-08-29 20:47:11,049 [clgcbm.py] => task: 1, epoch:40, train loss:-0.633203,train accuracy: 95.10374,test_accuracy:88.00001
2025-08-29 20:47:34,432 [clgcbm.py] => task: 1, epoch:50, train loss:-0.634445,train accuracy: 95.18130,test_accuracy:88.00001
2025-08-29 20:47:55,892 [clgcbm.py] => task: 1, epoch:59, train loss:-0.635757,train accuracy: 95.21039,test_accuracy:88.00001
2025-08-29 20:48:02,669 [trainer.py] => No NME accuracy.
2025-08-29 20:48:02,669 [trainer.py] => CNN: {'total': 88.1, '00-09': 88.2, '10-19': 88.0, 'old': 88.2, 'new': 88.0}
2025-08-29 20:48:02,669 [trainer.py] => CNN top1 curve: [93.4, 88.1]
2025-08-29 20:48:02,669 [trainer.py] => CNN top5 curve: [100.0, 98.8]

2025-08-29 20:48:02,669 [trainer.py] => Average Accuracy (CNN): 90.75
2025-08-29 20:48:02,670 [trainer.py] => All params: 149727137
2025-08-29 20:48:02,671 [trainer.py] => Trainable params: 106400
2025-08-29 20:48:02,671 [clgcbm.py] => Learning on 20-30
2025-08-29 20:48:37,398 [clgcbm.py] => task: 2, epoch:0, train loss:0.213117,train accuracy: 95.25999,test_accuracy:96.80000
2025-08-29 20:48:45,729 [clgcbm.py] => task: 2, epoch:10, train loss:0.038312,train accuracy: 99.02000,test_accuracy:96.80000
2025-08-29 20:50:42,105 [clgcbm.py] => task: 2, epoch:0, train loss:0.275647,train accuracy: 75.25534,test_accuracy:72.00000
2025-08-29 20:51:18,128 [clgcbm.py] => task: 2, epoch:10, train loss:-0.523978,train accuracy: 94.91274,test_accuracy:91.00000
2025-08-29 20:51:54,818 [clgcbm.py] => task: 2, epoch:20, train loss:-0.602799,train accuracy: 95.77893,test_accuracy:93.00001
2025-08-29 20:52:31,114 [clgcbm.py] => task: 2, epoch:30, train loss:-0.658509,train accuracy: 96.88430,test_accuracy:93.80000
2025-08-29 20:53:07,144 [clgcbm.py] => task: 2, epoch:40, train loss:-0.666547,train accuracy: 97.09761,test_accuracy:93.40000
2025-08-29 20:53:43,202 [clgcbm.py] => task: 2, epoch:50, train loss:-0.667188,train accuracy: 97.10408,test_accuracy:93.60001
2025-08-29 20:54:15,813 [clgcbm.py] => task: 2, epoch:59, train loss:-0.668415,train accuracy: 97.13640,test_accuracy:93.60001
2025-08-29 20:54:25,722 [trainer.py] => No NME accuracy.
2025-08-29 20:54:25,723 [trainer.py] => CNN: {'total': 88.6, '00-09': 86.2, '10-19': 85.8, '20-29': 93.8, 'old': 86.0, 'new': 93.8}
2025-08-29 20:54:25,723 [trainer.py] => CNN top1 curve: [93.4, 88.1, 88.6]
2025-08-29 20:54:25,723 [trainer.py] => CNN top5 curve: [100.0, 98.8, 98.27]

2025-08-29 20:54:25,723 [trainer.py] => Average Accuracy (CNN): 90.03333333333335
2025-08-29 20:54:25,724 [trainer.py] => All params: 149783337
2025-08-29 20:54:25,725 [trainer.py] => Trainable params: 162600
2025-08-29 20:54:25,725 [clgcbm.py] => Learning on 30-40
2025-08-29 20:55:00,421 [clgcbm.py] => task: 3, epoch:0, train loss:0.377546,train accuracy: 87.38000,test_accuracy:90.00000
2025-08-29 20:55:09,412 [clgcbm.py] => task: 3, epoch:10, train loss:0.090794,train accuracy: 96.48000,test_accuracy:90.00000
2025-08-29 20:57:10,999 [clgcbm.py] => task: 3, epoch:0, train loss:0.126130,train accuracy: 77.52837,test_accuracy:47.00000
2025-08-29 20:58:00,602 [clgcbm.py] => task: 3, epoch:10, train loss:-0.466449,train accuracy: 93.23669,test_accuracy:86.20000
2025-08-29 20:58:49,548 [clgcbm.py] => task: 3, epoch:20, train loss:-0.531473,train accuracy: 94.20634,test_accuracy:86.00000
2025-08-29 20:59:38,858 [clgcbm.py] => task: 3, epoch:30, train loss:-0.596724,train accuracy: 95.76263,test_accuracy:87.60001
2025-08-29 21:00:28,246 [clgcbm.py] => task: 3, epoch:40, train loss:-0.607362,train accuracy: 95.94687,test_accuracy:87.40000
2025-08-29 21:01:17,668 [clgcbm.py] => task: 3, epoch:50, train loss:-0.607135,train accuracy: 95.99050,test_accuracy:87.80000
2025-08-29 21:02:02,085 [clgcbm.py] => task: 3, epoch:59, train loss:-0.607765,train accuracy: 95.99050,test_accuracy:87.40000
2025-08-29 21:02:14,984 [trainer.py] => No NME accuracy.
2025-08-29 21:02:14,984 [trainer.py] => CNN: {'total': 86.65, '00-09': 85.4, '10-19': 82.6, '20-29': 90.8, '30-39': 87.8, 'old': 86.27, 'new': 87.8}
2025-08-29 21:02:14,985 [trainer.py] => CNN top1 curve: [93.4, 88.1, 88.6, 86.65]
2025-08-29 21:02:14,985 [trainer.py] => CNN top5 curve: [100.0, 98.8, 98.27, 97.55]

2025-08-29 21:02:14,985 [trainer.py] => Average Accuracy (CNN): 89.1875
2025-08-29 21:02:14,986 [trainer.py] => All params: 149841537
2025-08-29 21:02:14,987 [trainer.py] => Trainable params: 220800
2025-08-29 21:02:14,987 [clgcbm.py] => Learning on 40-50
2025-08-29 21:02:49,672 [clgcbm.py] => task: 4, epoch:0, train loss:0.236121,train accuracy: 92.14000,test_accuracy:96.00000
2025-08-29 21:02:58,439 [clgcbm.py] => task: 4, epoch:10, train loss:0.029049,train accuracy: 98.68000,test_accuracy:95.00001
2025-08-29 21:05:03,433 [clgcbm.py] => task: 4, epoch:0, train loss:-0.007260,train accuracy: 82.89117,test_accuracy:71.80000
2025-08-29 21:06:06,097 [clgcbm.py] => task: 4, epoch:10, train loss:-0.464267,train accuracy: 93.20457,test_accuracy:87.80000
2025-08-29 21:07:09,126 [clgcbm.py] => task: 4, epoch:20, train loss:-0.522475,train accuracy: 94.13544,test_accuracy:91.20000
2025-08-29 21:08:12,028 [clgcbm.py] => task: 4, epoch:30, train loss:-0.594556,train accuracy: 95.81491,test_accuracy:91.60001
2025-08-29 21:09:15,073 [clgcbm.py] => task: 4, epoch:40, train loss:-0.605784,train accuracy: 96.08254,test_accuracy:91.00000
2025-08-29 21:10:18,630 [clgcbm.py] => task: 4, epoch:50, train loss:-0.608006,train accuracy: 96.10581,test_accuracy:91.00000
2025-08-29 21:11:14,035 [clgcbm.py] => task: 4, epoch:59, train loss:-0.607588,train accuracy: 96.10969,test_accuracy:91.00000
2025-08-29 21:11:30,072 [trainer.py] => No NME accuracy.
2025-08-29 21:11:30,073 [trainer.py] => CNN: {'total': 86.2, '00-09': 82.4, '10-19': 81.8, '20-29': 90.6, '30-39': 84.6, '40-49': 91.6, 'old': 84.85, 'new': 91.6}
2025-08-29 21:11:30,073 [trainer.py] => CNN top1 curve: [93.4, 88.1, 88.6, 86.65, 86.2]
2025-08-29 21:11:30,073 [trainer.py] => CNN top5 curve: [100.0, 98.8, 98.27, 97.55, 97.28]

2025-08-29 21:11:30,073 [trainer.py] => Average Accuracy (CNN): 88.59
2025-08-29 21:11:30,074 [trainer.py] => All params: 149901737
2025-08-29 21:11:30,075 [trainer.py] => Trainable params: 281000
2025-08-29 21:11:30,075 [clgcbm.py] => Learning on 50-60
2025-08-29 21:12:04,913 [clgcbm.py] => task: 5, epoch:0, train loss:0.253758,train accuracy: 92.92000,test_accuracy:93.20000
2025-08-29 21:12:13,816 [clgcbm.py] => task: 5, epoch:10, train loss:0.057602,train accuracy: 98.20000,test_accuracy:93.80000
2025-08-29 21:12:22,822 [clgcbm.py] => task: 5, epoch:20, train loss:0.008983,train accuracy: 99.74000,test_accuracy:93.60001
2025-08-29 21:14:33,518 [clgcbm.py] => task: 5, epoch:0, train loss:-0.098354,train accuracy: 85.21236,test_accuracy:65.80000
2025-08-29 21:15:50,228 [clgcbm.py] => task: 5, epoch:10, train loss:-0.457576,train accuracy: 93.00536,test_accuracy:80.00000
2025-08-29 21:17:08,162 [clgcbm.py] => task: 5, epoch:20, train loss:-0.505389,train accuracy: 93.84576,test_accuracy:84.20000
2025-08-29 21:18:26,658 [clgcbm.py] => task: 5, epoch:30, train loss:-0.577757,train accuracy: 95.55240,test_accuracy:85.20000
2025-08-29 21:19:43,299 [clgcbm.py] => task: 5, epoch:40, train loss:-0.590919,train accuracy: 95.83360,test_accuracy:85.40000
2025-08-29 21:21:01,142 [clgcbm.py] => task: 5, epoch:50, train loss:-0.590871,train accuracy: 95.83684,test_accuracy:85.00000
2025-08-29 21:22:13,222 [clgcbm.py] => task: 5, epoch:59, train loss:-0.591982,train accuracy: 95.86593,test_accuracy:85.00000
2025-08-29 21:22:32,341 [trainer.py] => No NME accuracy.
2025-08-29 21:22:32,342 [trainer.py] => CNN: {'total': 84.07, '00-09': 81.2, '10-19': 80.6, '20-29': 89.0, '30-39': 81.6, '40-49': 86.6, '50-59': 85.4, 'old': 83.8, 'new': 85.4}
2025-08-29 21:22:32,342 [trainer.py] => CNN top1 curve: [93.4, 88.1, 88.6, 86.65, 86.2, 84.07]
2025-08-29 21:22:32,342 [trainer.py] => CNN top5 curve: [100.0, 98.8, 98.27, 97.55, 97.28, 96.87]

2025-08-29 21:22:32,342 [trainer.py] => Average Accuracy (CNN): 87.83666666666666
2025-08-29 21:22:32,343 [trainer.py] => All params: 149963937
2025-08-29 21:22:32,344 [trainer.py] => Trainable params: 343200
2025-08-29 21:22:32,344 [clgcbm.py] => Learning on 60-70
2025-08-29 21:23:07,173 [clgcbm.py] => task: 6, epoch:0, train loss:0.229893,train accuracy: 92.82000,test_accuracy:93.00001
2025-08-29 21:23:16,107 [clgcbm.py] => task: 6, epoch:10, train loss:0.039582,train accuracy: 98.68000,test_accuracy:93.60001
2025-08-29 21:23:25,043 [clgcbm.py] => task: 6, epoch:20, train loss:0.001896,train accuracy: 100.00000,test_accuracy:93.80000
2025-08-29 21:23:34,008 [clgcbm.py] => task: 6, epoch:30, train loss:0.001124,train accuracy: 100.00000,test_accuracy:93.60001
2025-08-29 21:25:49,618 [clgcbm.py] => task: 6, epoch:0, train loss:-0.151275,train accuracy: 85.57655,test_accuracy:63.20000
2025-08-29 21:27:22,159 [clgcbm.py] => task: 6, epoch:10, train loss:-0.422076,train accuracy: 91.92109,test_accuracy:82.20000
2025-08-29 21:28:57,488 [clgcbm.py] => task: 6, epoch:20, train loss:-0.466639,train accuracy: 92.90741,test_accuracy:78.00000
2025-08-29 21:30:31,724 [clgcbm.py] => task: 6, epoch:30, train loss:-0.543361,train accuracy: 94.61683,test_accuracy:81.00001
2025-08-29 21:31:59,960 [clgcbm.py] => task: 6, epoch:40, train loss:-0.555556,train accuracy: 94.79691,test_accuracy:81.00001
2025-08-29 21:33:29,099 [clgcbm.py] => task: 6, epoch:50, train loss:-0.557006,train accuracy: 94.86064,test_accuracy:80.80000
2025-08-29 21:34:51,401 [clgcbm.py] => task: 6, epoch:59, train loss:-0.559048,train accuracy: 94.91605,test_accuracy:80.80000
2025-08-29 21:35:13,558 [trainer.py] => No NME accuracy.
2025-08-29 21:35:13,558 [trainer.py] => CNN: {'total': 81.89, '00-09': 80.0, '10-19': 78.8, '20-29': 87.8, '30-39': 75.2, '40-49': 85.4, '50-59': 83.8, '60-69': 82.2, 'old': 81.83, 'new': 82.2}
2025-08-29 21:35:13,558 [trainer.py] => CNN top1 curve: [93.4, 88.1, 88.6, 86.65, 86.2, 84.07, 81.89]
2025-08-29 21:35:13,558 [trainer.py] => CNN top5 curve: [100.0, 98.8, 98.27, 97.55, 97.28, 96.87, 95.54]

2025-08-29 21:35:13,558 [trainer.py] => Average Accuracy (CNN): 86.98714285714286
2025-08-29 21:35:13,560 [trainer.py] => All params: 150028137
2025-08-29 21:35:13,561 [trainer.py] => Trainable params: 407400
2025-08-29 21:35:13,561 [clgcbm.py] => Learning on 70-80
2025-08-29 21:35:48,372 [clgcbm.py] => task: 7, epoch:0, train loss:0.250695,train accuracy: 92.52000,test_accuracy:92.60001
2025-08-29 21:35:57,128 [clgcbm.py] => task: 7, epoch:10, train loss:0.051749,train accuracy: 98.18000,test_accuracy:94.00001
2025-08-29 21:36:05,775 [clgcbm.py] => task: 7, epoch:20, train loss:0.075243,train accuracy: 97.72000,test_accuracy:93.00001
2025-08-29 21:38:25,623 [clgcbm.py] => task: 7, epoch:0, train loss:-0.132588,train accuracy: 86.02182,test_accuracy:73.80000
2025-08-29 21:40:13,309 [clgcbm.py] => task: 7, epoch:10, train loss:-0.388635,train accuracy: 91.96364,test_accuracy:81.60001
2025-08-29 21:42:01,307 [clgcbm.py] => task: 7, epoch:20, train loss:-0.434397,train accuracy: 92.79273,test_accuracy:85.00000
2025-08-29 21:43:49,049 [clgcbm.py] => task: 7, epoch:30, train loss:-0.522936,train accuracy: 94.67637,test_accuracy:86.60001
2025-08-29 21:45:36,224 [clgcbm.py] => task: 7, epoch:40, train loss:-0.539062,train accuracy: 94.87515,test_accuracy:86.40000
2025-08-29 21:47:23,906 [clgcbm.py] => task: 7, epoch:50, train loss:-0.539444,train accuracy: 94.88728,test_accuracy:86.40000
2025-08-29 21:49:01,370 [clgcbm.py] => task: 7, epoch:59, train loss:-0.538245,train accuracy: 94.81454,test_accuracy:86.40000
2025-08-29 21:49:26,571 [trainer.py] => No NME accuracy.
2025-08-29 21:49:26,571 [trainer.py] => CNN: {'total': 82.28, '00-09': 80.6, '10-19': 79.2, '20-29': 88.2, '30-39': 77.4, '40-49': 84.0, '50-59': 82.0, '60-69': 80.2, '70-79': 86.6, 'old': 81.66, 'new': 86.6}
2025-08-29 21:49:26,571 [trainer.py] => CNN top1 curve: [93.4, 88.1, 88.6, 86.65, 86.2, 84.07, 81.89, 82.28]
2025-08-29 21:49:26,571 [trainer.py] => CNN top5 curve: [100.0, 98.8, 98.27, 97.55, 97.28, 96.87, 95.54, 96.3]

2025-08-29 21:49:26,571 [trainer.py] => Average Accuracy (CNN): 86.39874999999999
2025-08-29 21:49:26,572 [trainer.py] => All params: 150094337
2025-08-29 21:49:26,573 [trainer.py] => Trainable params: 473600
2025-08-29 21:49:26,574 [clgcbm.py] => Learning on 80-90
2025-08-29 21:50:01,546 [clgcbm.py] => task: 8, epoch:0, train loss:0.188757,train accuracy: 94.36000,test_accuracy:95.40001
2025-08-29 21:50:10,385 [clgcbm.py] => task: 8, epoch:10, train loss:0.015309,train accuracy: 99.57999,test_accuracy:96.60000
2025-08-29 21:50:19,092 [clgcbm.py] => task: 8, epoch:20, train loss:0.000320,train accuracy: 100.00000,test_accuracy:96.40000
2025-08-29 21:52:43,142 [clgcbm.py] => task: 8, epoch:0, train loss:-0.195689,train accuracy: 87.78228,test_accuracy:68.60001
2025-08-29 21:54:49,693 [clgcbm.py] => task: 8, epoch:10, train loss:-0.390462,train accuracy: 92.31813,test_accuracy:83.80000
2025-08-29 21:56:56,303 [clgcbm.py] => task: 8, epoch:20, train loss:-0.428419,train accuracy: 93.07447,test_accuracy:81.00001
2025-08-29 21:59:03,409 [clgcbm.py] => task: 8, epoch:30, train loss:-0.515399,train accuracy: 94.86295,test_accuracy:85.20000
2025-08-29 22:01:09,692 [clgcbm.py] => task: 8, epoch:40, train loss:-0.531205,train accuracy: 95.00732,test_accuracy:84.00000
2025-08-29 22:03:15,839 [clgcbm.py] => task: 8, epoch:50, train loss:-0.535150,train accuracy: 95.12584,test_accuracy:84.00000
2025-08-29 22:05:10,519 [clgcbm.py] => task: 8, epoch:59, train loss:-0.534397,train accuracy: 95.09136,test_accuracy:84.00000
2025-08-29 22:05:38,820 [trainer.py] => No NME accuracy.
2025-08-29 22:05:38,820 [trainer.py] => CNN: {'total': 81.22, '00-09': 79.6, '10-19': 77.0, '20-29': 85.8, '30-39': 76.0, '40-49': 83.2, '50-59': 81.4, '60-69': 78.6, '70-79': 84.2, '80-89': 85.2, 'old': 80.72, 'new': 85.2}
2025-08-29 22:05:38,821 [trainer.py] => CNN top1 curve: [93.4, 88.1, 88.6, 86.65, 86.2, 84.07, 81.89, 82.28, 81.22]
2025-08-29 22:05:38,821 [trainer.py] => CNN top5 curve: [100.0, 98.8, 98.27, 97.55, 97.28, 96.87, 95.54, 96.3, 95.73]

2025-08-29 22:05:38,821 [trainer.py] => Average Accuracy (CNN): 85.82333333333332
2025-08-29 22:05:38,822 [trainer.py] => All params: 150162537
2025-08-29 22:05:38,823 [trainer.py] => Trainable params: 541800
2025-08-29 22:05:38,823 [clgcbm.py] => Learning on 90-100
2025-08-29 22:06:13,864 [clgcbm.py] => task: 9, epoch:0, train loss:37.052789,train accuracy: 90.70000,test_accuracy:93.80000
2025-08-29 22:06:22,868 [clgcbm.py] => task: 9, epoch:10, train loss:4.710316,train accuracy: 97.02000,test_accuracy:91.20000
2025-08-29 22:08:53,744 [clgcbm.py] => task: 9, epoch:0, train loss:-0.229046,train accuracy: 89.25025,test_accuracy:74.80000
2025-08-29 22:11:26,762 [clgcbm.py] => task: 9, epoch:10, train loss:-0.385961,train accuracy: 92.67900,test_accuracy:80.60001
2025-08-29 22:13:52,916 [clgcbm.py] => task: 9, epoch:20, train loss:-0.418043,train accuracy: 93.22590,test_accuracy:83.00001
2025-08-29 22:16:13,524 [clgcbm.py] => task: 9, epoch:30, train loss:-0.515088,train accuracy: 95.00621,test_accuracy:84.40000
2025-08-29 22:18:35,428 [clgcbm.py] => task: 9, epoch:40, train loss:-0.531893,train accuracy: 95.19432,test_accuracy:84.20000
2025-08-29 22:20:56,937 [clgcbm.py] => task: 9, epoch:50, train loss:-0.532972,train accuracy: 95.24087,test_accuracy:84.20000
2025-08-29 22:23:04,640 [clgcbm.py] => task: 9, epoch:59, train loss:-0.533732,train accuracy: 95.21371,test_accuracy:84.20000
2025-08-29 22:23:36,002 [trainer.py] => No NME accuracy.
2025-08-29 22:23:36,002 [trainer.py] => CNN: {'total': 80.64, '00-09': 76.8, '10-19': 77.8, '20-29': 85.4, '30-39': 76.4, '40-49': 82.2, '50-59': 80.2, '60-69': 78.2, '70-79': 82.6, '80-89': 82.4, '90-99': 84.4, 'old': 80.22, 'new': 84.4}
2025-08-29 22:23:36,002 [trainer.py] => CNN top1 curve: [93.4, 88.1, 88.6, 86.65, 86.2, 84.07, 81.89, 82.28, 81.22, 80.64]
2025-08-29 22:23:36,002 [trainer.py] => CNN top5 curve: [100.0, 98.8, 98.27, 97.55, 97.28, 96.87, 95.54, 96.3, 95.73, 95.4]

2025-08-29 22:23:36,002 [trainer.py] => Average Accuracy (CNN): 85.30499999999999
2025-08-29 22:23:36,004 [trainer.py] => All params: 150232737
2025-08-29 22:23:36,005 [trainer.py] => Trainable params: 612000
2025-08-29 22:23:36,005 [clgcbm.py] => Learning on 100-110
2025-08-29 22:24:10,915 [clgcbm.py] => task: 10, epoch:0, train loss:0.283345,train accuracy: 95.04000,test_accuracy:96.80000
2025-08-29 22:24:19,502 [clgcbm.py] => task: 10, epoch:10, train loss:0.019713,train accuracy: 99.86000,test_accuracy:96.80000
2025-08-29 22:26:51,270 [clgcbm.py] => task: 10, epoch:0, train loss:-0.249144,train accuracy: 89.76904,test_accuracy:72.00000
2025-08-29 22:29:33,595 [clgcbm.py] => task: 10, epoch:10, train loss:-0.385258,train accuracy: 92.68159,test_accuracy:82.40001
2025-08-29 22:32:16,082 [clgcbm.py] => task: 10, epoch:20, train loss:-0.416468,train accuracy: 93.19640,test_accuracy:85.20000
2025-08-29 22:34:58,415 [clgcbm.py] => task: 10, epoch:30, train loss:-0.515408,train accuracy: 95.04055,test_accuracy:86.80000
2025-08-29 22:37:40,927 [clgcbm.py] => task: 10, epoch:40, train loss:-0.533456,train accuracy: 95.18336,test_accuracy:88.40001
2025-08-29 22:40:27,202 [clgcbm.py] => task: 10, epoch:50, train loss:-0.536277,train accuracy: 95.29090,test_accuracy:88.20000
2025-08-29 22:42:57,879 [clgcbm.py] => task: 10, epoch:59, train loss:-0.536259,train accuracy: 95.29266,test_accuracy:88.20000
2025-08-29 22:43:32,343 [trainer.py] => No NME accuracy.
2025-08-29 22:43:32,343 [trainer.py] => CNN: {'total': 80.55, '00-09': 76.0, '10-19': 78.0, '20-29': 84.8, '30-39': 75.0, '40-49': 83.4, '50-59': 77.6, '60-69': 78.0, '70-79': 81.8, '80-89': 82.0, '90-99': 81.0, '100-109': 88.4, 'old': 79.76, 'new': 88.4}
2025-08-29 22:43:32,343 [trainer.py] => CNN top1 curve: [93.4, 88.1, 88.6, 86.65, 86.2, 84.07, 81.89, 82.28, 81.22, 80.64, 80.55]
2025-08-29 22:43:32,343 [trainer.py] => CNN top5 curve: [100.0, 98.8, 98.27, 97.55, 97.28, 96.87, 95.54, 96.3, 95.73, 95.4, 95.36]

2025-08-29 22:43:32,343 [trainer.py] => Average Accuracy (CNN): 84.87272727272726
2025-08-29 22:43:32,344 [trainer.py] => All params: 150304937
2025-08-29 22:43:32,345 [trainer.py] => Trainable params: 684200
2025-08-29 22:43:32,345 [clgcbm.py] => Learning on 110-120
2025-08-29 22:44:07,341 [clgcbm.py] => task: 11, epoch:0, train loss:0.225924,train accuracy: 92.74000,test_accuracy:94.40001
2025-08-29 22:44:15,982 [clgcbm.py] => task: 11, epoch:10, train loss:0.030708,train accuracy: 98.82000,test_accuracy:93.00001
2025-08-29 22:46:57,042 [clgcbm.py] => task: 11, epoch:0, train loss:-0.242955,train accuracy: 89.93309,test_accuracy:67.80000
2025-08-29 22:49:58,580 [clgcbm.py] => task: 11, epoch:10, train loss:-0.358217,train accuracy: 92.44296,test_accuracy:78.40000
2025-08-29 22:53:01,667 [clgcbm.py] => task: 11, epoch:20, train loss:-0.384027,train accuracy: 92.89062,test_accuracy:80.80000
2025-08-29 22:56:02,806 [clgcbm.py] => task: 11, epoch:30, train loss:-0.489936,train accuracy: 94.65706,test_accuracy:79.00000
2025-08-29 22:59:06,077 [clgcbm.py] => task: 11, epoch:40, train loss:-0.508217,train accuracy: 94.90917,test_accuracy:80.40000
2025-08-29 23:02:07,189 [clgcbm.py] => task: 11, epoch:50, train loss:-0.511027,train accuracy: 94.94312,test_accuracy:79.80000
2025-08-29 23:04:50,487 [clgcbm.py] => task: 11, epoch:59, train loss:-0.511406,train accuracy: 94.92857,test_accuracy:79.80000
2025-08-29 23:05:27,941 [trainer.py] => No NME accuracy.
2025-08-29 23:05:27,941 [trainer.py] => CNN: {'total': 78.8, '00-09': 74.6, '10-19': 76.2, '20-29': 84.4, '30-39': 74.4, '40-49': 81.6, '50-59': 80.4, '60-69': 74.0, '70-79': 77.0, '80-89': 80.0, '90-99': 82.8, '100-109': 79.4, '110-119': 80.8, 'old': 78.62, 'new': 80.8}
2025-08-29 23:05:27,941 [trainer.py] => CNN top1 curve: [93.4, 88.1, 88.6, 86.65, 86.2, 84.07, 81.89, 82.28, 81.22, 80.64, 80.55, 78.8]
2025-08-29 23:05:27,941 [trainer.py] => CNN top5 curve: [100.0, 98.8, 98.27, 97.55, 97.28, 96.87, 95.54, 96.3, 95.73, 95.4, 95.36, 94.52]

2025-08-29 23:05:27,941 [trainer.py] => Average Accuracy (CNN): 84.36666666666666
2025-08-29 23:05:27,943 [trainer.py] => All params: 150379137
2025-08-29 23:05:27,944 [trainer.py] => Trainable params: 758400
2025-08-29 23:05:27,944 [clgcbm.py] => Learning on 120-130
2025-08-29 23:06:02,816 [clgcbm.py] => task: 12, epoch:0, train loss:606.379248,train accuracy: 88.56000,test_accuracy:94.20000
2025-08-29 23:06:11,649 [clgcbm.py] => task: 12, epoch:10, train loss:300.406976,train accuracy: 96.75999,test_accuracy:95.80000
2025-08-29 23:06:20,379 [clgcbm.py] => task: 12, epoch:20, train loss:48.457250,train accuracy: 97.20000,test_accuracy:96.00000
2025-08-29 23:06:29,098 [clgcbm.py] => task: 12, epoch:30, train loss:7.708773,train accuracy: 97.66000,test_accuracy:95.00001
2025-08-29 23:09:12,683 [clgcbm.py] => task: 12, epoch:0, train loss:-0.203629,train accuracy: 89.68105,test_accuracy:64.40001
2025-08-29 23:12:38,021 [clgcbm.py] => task: 12, epoch:10, train loss:-0.312261,train accuracy: 91.90834,test_accuracy:77.00001
2025-08-29 23:16:01,694 [clgcbm.py] => task: 12, epoch:20, train loss:-0.343623,train accuracy: 92.62740,test_accuracy:80.20000
2025-08-29 23:19:29,861 [clgcbm.py] => task: 12, epoch:30, train loss:-0.460021,train accuracy: 94.41460,test_accuracy:81.00001
2025-08-29 23:22:55,070 [clgcbm.py] => task: 12, epoch:40, train loss:-0.482889,train accuracy: 94.60706,test_accuracy:81.40000
2025-08-29 23:26:20,381 [clgcbm.py] => task: 12, epoch:50, train loss:-0.484207,train accuracy: 94.50412,test_accuracy:81.60001
2025-08-29 23:29:27,900 [clgcbm.py] => task: 12, epoch:59, train loss:-0.485626,train accuracy: 94.58169,test_accuracy:81.40000
2025-08-29 23:30:08,488 [trainer.py] => No NME accuracy.
2025-08-29 23:30:08,489 [trainer.py] => CNN: {'total': 78.95, '00-09': 74.6, '10-19': 76.4, '20-29': 85.0, '30-39': 74.4, '40-49': 81.4, '50-59': 77.4, '60-69': 75.2, '70-79': 77.6, '80-89': 81.6, '90-99': 79.6, '100-109': 83.6, '110-119': 78.0, '120-129': 81.6, 'old': 78.73, 'new': 81.6}
2025-08-29 23:30:08,489 [trainer.py] => CNN top1 curve: [93.4, 88.1, 88.6, 86.65, 86.2, 84.07, 81.89, 82.28, 81.22, 80.64, 80.55, 78.8, 78.95]
2025-08-29 23:30:08,489 [trainer.py] => CNN top5 curve: [100.0, 98.8, 98.27, 97.55, 97.28, 96.87, 95.54, 96.3, 95.73, 95.4, 95.36, 94.52, 94.37]

2025-08-29 23:30:08,489 [trainer.py] => Average Accuracy (CNN): 83.94999999999999
2025-08-29 23:30:08,490 [trainer.py] => All params: 150455337
2025-08-29 23:30:08,491 [trainer.py] => Trainable params: 834600
2025-08-29 23:30:08,491 [clgcbm.py] => Learning on 130-140
2025-08-29 23:30:43,497 [clgcbm.py] => task: 13, epoch:0, train loss:0.214574,train accuracy: 95.07999,test_accuracy:96.60000
2025-08-29 23:30:52,509 [clgcbm.py] => task: 13, epoch:10, train loss:0.016535,train accuracy: 99.56000,test_accuracy:96.60000
2025-08-29 23:33:43,089 [clgcbm.py] => task: 13, epoch:0, train loss:-0.233055,train accuracy: 91.02067,test_accuracy:81.20000
2025-08-29 23:37:32,302 [clgcbm.py] => task: 13, epoch:10, train loss:-0.322476,train accuracy: 92.70515,test_accuracy:86.40000
2025-08-29 23:41:22,982 [clgcbm.py] => task: 13, epoch:20, train loss:-0.347021,train accuracy: 93.18169,test_accuracy:87.80000
2025-08-29 23:45:11,692 [clgcbm.py] => task: 13, epoch:30, train loss:-0.471716,train accuracy: 94.79276,test_accuracy:88.40001
2025-08-29 23:49:01,994 [clgcbm.py] => task: 13, epoch:40, train loss:-0.494589,train accuracy: 94.99501,test_accuracy:89.20000
2025-08-29 23:52:51,327 [clgcbm.py] => task: 13, epoch:50, train loss:-0.497892,train accuracy: 94.99085,test_accuracy:89.00001
2025-08-29 23:56:17,924 [clgcbm.py] => task: 13, epoch:59, train loss:-0.497900,train accuracy: 95.00887,test_accuracy:89.00001
2025-08-29 23:57:01,605 [trainer.py] => No NME accuracy.
2025-08-29 23:57:01,605 [trainer.py] => CNN: {'total': 79.33, '00-09': 74.6, '10-19': 75.8, '20-29': 84.2, '30-39': 74.0, '40-49': 81.0, '50-59': 77.2, '60-69': 74.8, '70-79': 76.8, '80-89': 80.6, '90-99': 80.2, '100-109': 83.4, '110-119': 78.4, '120-129': 80.4, '130-139': 89.2, 'old': 78.57, 'new': 89.2}
2025-08-29 23:57:01,605 [trainer.py] => CNN top1 curve: [93.4, 88.1, 88.6, 86.65, 86.2, 84.07, 81.89, 82.28, 81.22, 80.64, 80.55, 78.8, 78.95, 79.33]
2025-08-29 23:57:01,605 [trainer.py] => CNN top5 curve: [100.0, 98.8, 98.27, 97.55, 97.28, 96.87, 95.54, 96.3, 95.73, 95.4, 95.36, 94.52, 94.37, 94.27]

2025-08-29 23:57:01,606 [trainer.py] => Average Accuracy (CNN): 83.61999999999999
2025-08-29 23:57:01,607 [trainer.py] => All params: 150533537
2025-08-29 23:57:01,608 [trainer.py] => Trainable params: 912800
2025-08-29 23:57:01,608 [clgcbm.py] => Learning on 140-150
2025-08-29 23:57:36,748 [clgcbm.py] => task: 14, epoch:0, train loss:0.252968,train accuracy: 92.32000,test_accuracy:94.60001
2025-08-29 23:57:45,953 [clgcbm.py] => task: 14, epoch:10, train loss:0.051674,train accuracy: 98.52000,test_accuracy:93.60001
2025-08-30 00:00:41,010 [clgcbm.py] => task: 14, epoch:0, train loss:-0.235605,train accuracy: 91.16157,test_accuracy:74.80000
2025-08-30 00:04:54,944 [clgcbm.py] => task: 14, epoch:10, train loss:-0.308609,train accuracy: 92.63421,test_accuracy:79.60001
2025-08-30 00:09:08,089 [clgcbm.py] => task: 14, epoch:20, train loss:-0.329920,train accuracy: 93.01950,test_accuracy:81.00001
2025-08-30 00:13:22,866 [clgcbm.py] => task: 14, epoch:30, train loss:-0.459508,train accuracy: 94.52187,test_accuracy:81.80000
2025-08-30 00:17:32,200 [clgcbm.py] => task: 14, epoch:40, train loss:-0.484458,train accuracy: 94.74555,test_accuracy:82.20000
2025-08-30 00:21:42,850 [clgcbm.py] => task: 14, epoch:50, train loss:-0.488129,train accuracy: 94.75072,test_accuracy:82.20000
2025-08-30 00:25:28,042 [clgcbm.py] => task: 14, epoch:59, train loss:-0.489085,train accuracy: 94.77012,test_accuracy:82.20000
2025-08-30 00:26:14,764 [trainer.py] => No NME accuracy.
2025-08-30 00:26:14,764 [trainer.py] => CNN: {'total': 79.12, '00-09': 74.6, '10-19': 75.6, '20-29': 83.2, '30-39': 72.8, '40-49': 80.6, '50-59': 76.2, '60-69': 73.4, '70-79': 76.2, '80-89': 80.4, '90-99': 79.6, '100-109': 83.2, '110-119': 78.0, '120-129': 81.8, '130-139': 89.0, '140-149': 82.2, 'old': 78.9, 'new': 82.2}
2025-08-30 00:26:14,764 [trainer.py] => CNN top1 curve: [93.4, 88.1, 88.6, 86.65, 86.2, 84.07, 81.89, 82.28, 81.22, 80.64, 80.55, 78.8, 78.95, 79.33, 79.12]
2025-08-30 00:26:14,764 [trainer.py] => CNN top5 curve: [100.0, 98.8, 98.27, 97.55, 97.28, 96.87, 95.54, 96.3, 95.73, 95.4, 95.36, 94.52, 94.37, 94.27, 94.04]

2025-08-30 00:26:14,764 [trainer.py] => Average Accuracy (CNN): 83.31999999999998
2025-08-30 00:26:14,766 [trainer.py] => All params: 150613737
2025-08-30 00:26:14,767 [trainer.py] => Trainable params: 993000
2025-08-30 00:26:14,767 [clgcbm.py] => Learning on 150-160
2025-08-30 00:26:49,777 [clgcbm.py] => task: 15, epoch:0, train loss:0.224576,train accuracy: 92.92000,test_accuracy:95.20000
2025-08-30 00:26:58,688 [clgcbm.py] => task: 15, epoch:10, train loss:0.029307,train accuracy: 99.02000,test_accuracy:96.20000
2025-08-30 00:27:07,522 [clgcbm.py] => task: 15, epoch:20, train loss:0.016726,train accuracy: 99.38000,test_accuracy:95.60001
2025-08-30 00:30:06,488 [clgcbm.py] => task: 15, epoch:0, train loss:-0.201431,train accuracy: 90.60606,test_accuracy:70.20000
2025-08-30 00:34:43,035 [clgcbm.py] => task: 15, epoch:10, train loss:-0.276774,train accuracy: 92.23394,test_accuracy:72.00000
2025-08-30 00:39:16,546 [clgcbm.py] => task: 15, epoch:20, train loss:-0.298841,train accuracy: 92.62303,test_accuracy:78.40000
2025-08-30 00:43:52,749 [clgcbm.py] => task: 15, epoch:30, train loss:-0.434305,train accuracy: 94.08606,test_accuracy:78.60000
2025-08-30 00:48:26,453 [clgcbm.py] => task: 15, epoch:40, train loss:-0.462337,train accuracy: 94.30546,test_accuracy:78.60000
2025-08-30 00:53:03,346 [clgcbm.py] => task: 15, epoch:50, train loss:-0.466516,train accuracy: 94.31152,test_accuracy:78.60000
2025-08-30 00:57:10,163 [clgcbm.py] => task: 15, epoch:59, train loss:-0.466860,train accuracy: 94.32121,test_accuracy:78.40000
2025-08-30 00:58:00,062 [trainer.py] => No NME accuracy.
2025-08-30 00:58:00,063 [trainer.py] => CNN: {'total': 78.65, '00-09': 74.2, '10-19': 75.2, '20-29': 83.0, '30-39': 72.2, '40-49': 79.8, '50-59': 75.0, '60-69': 74.4, '70-79': 76.8, '80-89': 80.4, '90-99': 79.0, '100-109': 82.4, '110-119': 77.4, '120-129': 81.2, '130-139': 88.2, '140-149': 80.6, '150-159': 78.6, 'old': 78.65, 'new': 78.6}
2025-08-30 00:58:00,063 [trainer.py] => CNN top1 curve: [93.4, 88.1, 88.6, 86.65, 86.2, 84.07, 81.89, 82.28, 81.22, 80.64, 80.55, 78.8, 78.95, 79.33, 79.12, 78.65]
2025-08-30 00:58:00,063 [trainer.py] => CNN top5 curve: [100.0, 98.8, 98.27, 97.55, 97.28, 96.87, 95.54, 96.3, 95.73, 95.4, 95.36, 94.52, 94.37, 94.27, 94.04, 93.85]

2025-08-30 00:58:00,063 [trainer.py] => Average Accuracy (CNN): 83.02812499999999
2025-08-30 00:58:00,064 [trainer.py] => All params: 150695937
2025-08-30 00:58:00,065 [trainer.py] => Trainable params: 1075200
2025-08-30 00:58:00,065 [clgcbm.py] => Learning on 160-170
2025-08-30 00:58:35,379 [clgcbm.py] => task: 16, epoch:0, train loss:0.253712,train accuracy: 91.56000,test_accuracy:94.60001
2025-08-30 00:58:44,794 [clgcbm.py] => task: 16, epoch:10, train loss:0.049398,train accuracy: 98.43999,test_accuracy:92.80000
2025-08-30 01:01:50,626 [clgcbm.py] => task: 16, epoch:0, train loss:-0.189989,train accuracy: 90.85195,test_accuracy:71.00000
2025-08-30 01:06:52,070 [clgcbm.py] => task: 16, epoch:10, train loss:-0.254543,train accuracy: 91.88209,test_accuracy:77.40000
2025-08-30 01:11:54,051 [clgcbm.py] => task: 16, epoch:20, train loss:-0.270489,train accuracy: 92.29163,test_accuracy:75.40000
2025-08-30 01:16:56,225 [clgcbm.py] => task: 16, epoch:30, train loss:-0.420914,train accuracy: 93.74957,test_accuracy:78.80000
2025-08-30 01:22:00,309 [clgcbm.py] => task: 16, epoch:40, train loss:-0.451436,train accuracy: 93.93781,test_accuracy:79.40000
2025-08-30 01:27:06,692 [clgcbm.py] => task: 16, epoch:50, train loss:-0.456322,train accuracy: 94.01538,test_accuracy:79.40000
2025-08-30 01:31:41,069 [clgcbm.py] => task: 16, epoch:59, train loss:-0.455928,train accuracy: 93.98230,test_accuracy:79.40000
2025-08-30 01:32:34,145 [trainer.py] => No NME accuracy.
2025-08-30 01:32:34,146 [trainer.py] => CNN: {'total': 78.51, '00-09': 74.6, '10-19': 75.4, '20-29': 83.0, '30-39': 72.2, '40-49': 78.2, '50-59': 75.2, '60-69': 73.6, '70-79': 76.0, '80-89': 80.6, '90-99': 78.0, '100-109': 81.8, '110-119': 77.6, '120-129': 81.8, '130-139': 88.2, '140-149': 80.6, '150-159': 78.4, '160-169': 79.4, 'old': 78.45, 'new': 79.4}
2025-08-30 01:32:34,146 [trainer.py] => CNN top1 curve: [93.4, 88.1, 88.6, 86.65, 86.2, 84.07, 81.89, 82.28, 81.22, 80.64, 80.55, 78.8, 78.95, 79.33, 79.12, 78.65, 78.51]
2025-08-30 01:32:34,146 [trainer.py] => CNN top5 curve: [100.0, 98.8, 98.27, 97.55, 97.28, 96.87, 95.54, 96.3, 95.73, 95.4, 95.36, 94.52, 94.37, 94.27, 94.04, 93.85, 93.55]

2025-08-30 01:32:34,146 [trainer.py] => Average Accuracy (CNN): 82.76235294117646
2025-08-30 01:32:34,147 [trainer.py] => All params: 150780137
2025-08-30 01:32:34,148 [trainer.py] => Trainable params: 1159400
2025-08-30 01:32:34,148 [clgcbm.py] => Learning on 170-180
2025-08-30 01:33:09,460 [clgcbm.py] => task: 17, epoch:0, train loss:1.626381,train accuracy: 90.32000,test_accuracy:95.00001
2025-08-30 01:33:18,485 [clgcbm.py] => task: 17, epoch:10, train loss:0.138664,train accuracy: 97.62000,test_accuracy:94.20000
2025-08-30 01:36:31,442 [clgcbm.py] => task: 17, epoch:0, train loss:-0.155411,train accuracy: 90.35921,test_accuracy:66.60000
2025-08-30 01:42:04,194 [clgcbm.py] => task: 17, epoch:10, train loss:-0.211678,train accuracy: 91.49050,test_accuracy:70.60001
2025-08-30 01:47:38,999 [clgcbm.py] => task: 17, epoch:20, train loss:-0.231266,train accuracy: 91.78680,test_accuracy:75.20000
2025-08-30 01:53:11,148 [clgcbm.py] => task: 17, epoch:30, train loss:-0.391797,train accuracy: 93.36738,test_accuracy:73.80000
2025-08-30 01:58:44,993 [clgcbm.py] => task: 17, epoch:40, train loss:-0.426697,train accuracy: 93.53653,test_accuracy:74.00000
2025-08-30 02:04:18,754 [clgcbm.py] => task: 17, epoch:50, train loss:-0.430703,train accuracy: 93.53653,test_accuracy:74.40000
2025-08-30 02:09:18,883 [clgcbm.py] => task: 17, epoch:59, train loss:-0.429853,train accuracy: 93.52145,test_accuracy:74.40000
2025-08-30 02:10:14,961 [trainer.py] => No NME accuracy.
2025-08-30 02:10:14,962 [trainer.py] => CNN: {'total': 76.74, '00-09': 75.8, '10-19': 73.0, '20-29': 81.4, '30-39': 68.4, '40-49': 77.0, '50-59': 75.0, '60-69': 74.2, '70-79': 75.4, '80-89': 78.4, '90-99': 76.4, '100-109': 82.2, '110-119': 76.8, '120-129': 77.4, '130-139': 85.2, '140-149': 79.8, '150-159': 75.2, '160-169': 74.6, '170-179': 75.2, 'old': 76.84, 'new': 75.2}
2025-08-30 02:10:14,962 [trainer.py] => CNN top1 curve: [93.4, 88.1, 88.6, 86.65, 86.2, 84.07, 81.89, 82.28, 81.22, 80.64, 80.55, 78.8, 78.95, 79.33, 79.12, 78.65, 78.51, 76.74]
2025-08-30 02:10:14,962 [trainer.py] => CNN top5 curve: [100.0, 98.8, 98.27, 97.55, 97.28, 96.87, 95.54, 96.3, 95.73, 95.4, 95.36, 94.52, 94.37, 94.27, 94.04, 93.85, 93.55, 93.21]

2025-08-30 02:10:14,962 [trainer.py] => Average Accuracy (CNN): 82.42777777777776
2025-08-30 02:10:14,963 [trainer.py] => All params: 150866337
2025-08-30 02:10:14,964 [trainer.py] => Trainable params: 1245600
2025-08-30 02:10:14,964 [clgcbm.py] => Learning on 180-190
2025-08-30 02:10:50,239 [clgcbm.py] => task: 18, epoch:0, train loss:0.208622,train accuracy: 93.64000,test_accuracy:94.80001
2025-08-30 02:10:59,730 [clgcbm.py] => task: 18, epoch:10, train loss:0.043299,train accuracy: 98.48000,test_accuracy:94.20000
2025-08-30 02:14:18,393 [clgcbm.py] => task: 18, epoch:0, train loss:-0.113791,train accuracy: 90.00816,test_accuracy:68.60001
2025-08-30 02:20:22,228 [clgcbm.py] => task: 18, epoch:10, train loss:-0.170628,train accuracy: 90.82475,test_accuracy:73.60001
2025-08-30 02:26:27,313 [clgcbm.py] => task: 18, epoch:20, train loss:-0.189123,train accuracy: 91.21568,test_accuracy:73.40000
2025-08-30 02:32:29,933 [clgcbm.py] => task: 18, epoch:30, train loss:-0.362617,train accuracy: 92.75391,test_accuracy:73.40000
2025-08-30 02:38:35,938 [clgcbm.py] => task: 18, epoch:40, train loss:-0.400195,train accuracy: 92.98765,test_accuracy:73.60001
2025-08-30 02:44:41,225 [clgcbm.py] => task: 18, epoch:50, train loss:-0.403465,train accuracy: 92.93865,test_accuracy:73.80000
2025-08-30 02:50:10,495 [clgcbm.py] => task: 18, epoch:59, train loss:-0.405218,train accuracy: 92.99275,test_accuracy:73.80000
2025-08-30 02:51:09,600 [trainer.py] => No NME accuracy.
2025-08-30 02:51:09,600 [trainer.py] => CNN: {'total': 76.69, '00-09': 73.4, '10-19': 74.4, '20-29': 81.6, '30-39': 69.8, '40-49': 76.8, '50-59': 75.6, '60-69': 71.6, '70-79': 74.6, '80-89': 78.8, '90-99': 76.6, '100-109': 79.8, '110-119': 75.8, '120-129': 80.8, '130-139': 85.4, '140-149': 79.0, '150-159': 77.6, '160-169': 77.0, '170-179': 74.8, '180-189': 73.8, 'old': 76.86, 'new': 73.8}
2025-08-30 02:51:09,600 [trainer.py] => CNN top1 curve: [93.4, 88.1, 88.6, 86.65, 86.2, 84.07, 81.89, 82.28, 81.22, 80.64, 80.55, 78.8, 78.95, 79.33, 79.12, 78.65, 78.51, 76.74, 76.69]
2025-08-30 02:51:09,600 [trainer.py] => CNN top5 curve: [100.0, 98.8, 98.27, 97.55, 97.28, 96.87, 95.54, 96.3, 95.73, 95.4, 95.36, 94.52, 94.37, 94.27, 94.04, 93.85, 93.55, 93.21, 92.85]

2025-08-30 02:51:09,600 [trainer.py] => Average Accuracy (CNN): 82.12578947368421
2025-08-30 02:51:09,602 [trainer.py] => All params: 150954537
2025-08-30 02:51:09,603 [trainer.py] => Trainable params: 1333800
2025-08-30 02:51:09,603 [clgcbm.py] => Learning on 190-200
2025-08-30 02:51:44,922 [clgcbm.py] => task: 19, epoch:0, train loss:0.209417,train accuracy: 93.68000,test_accuracy:96.00000
2025-08-30 02:51:54,345 [clgcbm.py] => task: 19, epoch:10, train loss:0.067602,train accuracy: 98.00000,test_accuracy:95.60001
2025-08-30 02:55:18,089 [clgcbm.py] => task: 19, epoch:0, train loss:-0.086989,train accuracy: 89.47308,test_accuracy:71.00000
2025-08-30 03:01:50,226 [clgcbm.py] => task: 19, epoch:10, train loss:-0.137131,train accuracy: 90.24300,test_accuracy:73.60001
2025-08-30 03:08:24,565 [clgcbm.py] => task: 19, epoch:20, train loss:-0.152436,train accuracy: 90.54749,test_accuracy:68.60001
2025-08-30 03:14:56,373 [clgcbm.py] => task: 19, epoch:30, train loss:-0.339661,train accuracy: 92.14651,test_accuracy:72.20000
2025-08-30 03:21:30,002 [clgcbm.py] => task: 19, epoch:40, train loss:-0.379740,train accuracy: 92.36856,test_accuracy:73.00000
2025-08-30 03:28:03,696 [clgcbm.py] => task: 19, epoch:50, train loss:-0.385519,train accuracy: 92.42771,test_accuracy:73.20000
2025-08-30 03:33:56,505 [clgcbm.py] => task: 19, epoch:59, train loss:-0.385551,train accuracy: 92.37923,test_accuracy:72.80000
2025-08-30 03:34:58,762 [trainer.py] => No NME accuracy.
2025-08-30 03:34:58,762 [trainer.py] => CNN: {'total': 75.53, '00-09': 70.6, '10-19': 72.4, '20-29': 79.2, '30-39': 71.6, '40-49': 76.4, '50-59': 73.0, '60-69': 66.8, '70-79': 71.6, '80-89': 79.0, '90-99': 74.8, '100-109': 78.2, '110-119': 76.6, '120-129': 79.0, '130-139': 86.8, '140-149': 77.2, '150-159': 73.8, '160-169': 77.6, '170-179': 78.6, '180-189': 73.8, '190-199': 73.6, 'old': 75.63, 'new': 73.6}
2025-08-30 03:34:58,763 [trainer.py] => CNN top1 curve: [93.4, 88.1, 88.6, 86.65, 86.2, 84.07, 81.89, 82.28, 81.22, 80.64, 80.55, 78.8, 78.95, 79.33, 79.12, 78.65, 78.51, 76.74, 76.69, 75.53]
2025-08-30 03:34:58,763 [trainer.py] => CNN top5 curve: [100.0, 98.8, 98.27, 97.55, 97.28, 96.87, 95.54, 96.3, 95.73, 95.4, 95.36, 94.52, 94.37, 94.27, 94.04, 93.85, 93.55, 93.21, 92.85, 92.49]

2025-08-30 03:34:58,763 [trainer.py] => Average Accuracy (CNN): 81.79599999999999
